Removed Pin From Net: NetName=LKEN3 Pin=U24-28
Removed Pin From Net: NetName=LKEN2 Pin=U24-29
Removed Pin From Net: NetName=LKEN1 Pin=U24-30
Removed Pin From Net: NetName=ZKEN5 Pin=U24-33
Removed Pin From Net: NetName=ZKEN4 Pin=U24-34
Removed Pin From Net: NetName=ZKEN3 Pin=U24-35
Removed Pin From Net: NetName=ZKEN2 Pin=U24-36
Removed Pin From Net: NetName=ZKEN1 Pin=U24-37
Removed Pin From Net: NetName=JEN4 Pin=U24-38
Removed Pin From Net: NetName=JEN1 Pin=U24-39
Removed Pin From Net: NetName=JEN5 Pin=U24-40
Removed Pin From Net: NetName=JEN2 Pin=U24-41
Removed Pin From Net: NetName=JEN6 Pin=U24-42
Removed Pin From Net: NetName=JEN3 Pin=U24-43
Change Component DesignItemId : Designator=C5 Old DesignItemId= New DesignItemId=C
Change Component DesignItemId : Designator=J1 Old DesignItemId= New DesignItemId=header2
Change Component DesignItemId : Designator=J2 Old DesignItemId= New DesignItemId=header2
Change Component DesignItemId : Designator=J6 Old DesignItemId= New DesignItemId=header2
Change Component DesignItemId : Designator=J7 Old DesignItemId= New DesignItemId=header2
Change Component DesignItemId : Designator=J8 Old DesignItemId= New DesignItemId=header2
Change Component DesignItemId : Designator=J10 Old DesignItemId= New DesignItemId=header2
Change Component DesignItemId : Designator=J11 Old DesignItemId= New DesignItemId=header2
Change Component DesignItemId : Designator=J12 Old DesignItemId= New DesignItemId=header2
Change Component DesignItemId : Designator=J13 Old DesignItemId= New DesignItemId=header2
Change Component DesignItemId : Designator=J14 Old DesignItemId= New DesignItemId=header2
Change Component DesignItemId : Designator=J15 Old DesignItemId= New DesignItemId=header2
Change Component DesignItemId : Designator=J16 Old DesignItemId= New DesignItemId=header2
Change Component DesignItemId : Designator=J17 Old DesignItemId= New DesignItemId=header2
Change Component DesignItemId : Designator=J18 Old DesignItemId= New DesignItemId=header2
Change Component DesignItemId : Designator=J19 Old DesignItemId= New DesignItemId=header2
Change Component DesignItemId : Designator=J20 Old DesignItemId= New DesignItemId=header2
Change Component DesignItemId : Designator=J3 Old DesignItemId= New DesignItemId=header4
Change Component DesignItemId : Designator=J9 Old DesignItemId= New DesignItemId=header6p
Change Component DesignItemId : Designator=P1 Old DesignItemId= New DesignItemId=HEADER_5P
Change Component DesignItemId : Designator=L2 Old DesignItemId= New DesignItemId=induct
Change Component DesignItemId : Designator=PTC1 Old DesignItemId= New DesignItemId=PTC
Change Component DesignItemId : Designator=PTC2 Old DesignItemId= New DesignItemId=PTC
Change Component DesignItemId : Designator=J4 Old DesignItemId= New DesignItemId=XH-3
Change Component DesignItemId : Designator=J5 Old DesignItemId= New DesignItemId=XH-3
Change Component Description : Designator=U23 Old Description= New Description=TVS
Change Component Description : Designator=D7 Old Description= New Description=二极管
Change Component Description : Designator=D8 Old Description= New Description=二极管
Change Component Description : Designator=D9 Old Description= New Description=二极管
Change Component Description : Designator=D10 Old Description= New Description=二极管
Change Component Description : Designator=D11 Old Description= New Description=二极管
Change Component Description : Designator=D12 Old Description= New Description=二极管
Change Component Description : Designator=D13 Old Description= New Description=二极管
Change Component Description : Designator=D14 Old Description= New Description=二极管
Change Component Description : Designator=D15 Old Description= New Description=二极管
Change Component Description : Designator=D16 Old Description= New Description=二极管
Change Component Description : Designator=U1 Old Description= New Description=光耦
Change Component Description : Designator=U2 Old Description= New Description=光耦
Change Component Description : Designator=U3 Old Description= New Description=光耦
Change Component Description : Designator=U4 Old Description= New Description=光耦
Change Component Description : Designator=U5 Old Description= New Description=光耦
Change Component Description : Designator=D2 Old Description= New Description=发光二极管
Change Component Description : Designator=D3 Old Description= New Description=发光二极管
Change Component Description : Designator=U12 Old Description= New Description=继电器
Change Component Description : Designator=U13 Old Description= New Description=继电器
Change Component Description : Designator=U14 Old Description= New Description=继电器
Change Component Description : Designator=U15 Old Description= New Description=继电器
Change Component Description : Designator=U16 Old Description= New Description=继电器
Change Component Description : Designator=U17 Old Description= New Description=继电器
Change Component Description : Designator=U18 Old Description= New Description=继电器
Change Component Description : Designator=U19 Old Description= New Description=继电器
Change Component Description : Designator=U20 Old Description= New Description=继电器
Change Component Description : Designator=U21 Old Description= New Description=继电器
Change Component Description : Designator=R1 Old Description= New Description=贴片电阻
Change Component Description : Designator=R2 Old Description= New Description=贴片电阻
Change Component Description : Designator=R3 Old Description= New Description=贴片电阻
Change Component Description : Designator=R4 Old Description= New Description=贴片电阻
Change Component Description : Designator=R5 Old Description= New Description=贴片电阻
Change Component Description : Designator=R6 Old Description= New Description=贴片电阻
Change Component Description : Designator=R7 Old Description= New Description=贴片电阻
Change Component Description : Designator=R8 Old Description= New Description=贴片电阻
Change Component Description : Designator=R9 Old Description= New Description=贴片电阻
Change Component Description : Designator=R10 Old Description= New Description=贴片电阻
Change Component Description : Designator=R11 Old Description= New Description=贴片电阻
Change Component Description : Designator=R12 Old Description= New Description=贴片电阻
Change Component Description : Designator=R24 Old Description= New Description=贴片电阻
Change Component Description : Designator=R25 Old Description= New Description=贴片电阻
Change Component Description : Designator=R26 Old Description= New Description=贴片电阻
Change Component Description : Designator=R27 Old Description= New Description=贴片电阻
Change Component Description : Designator=R28 Old Description= New Description=贴片电阻
Change Component Description : Designator=R29 Old Description= New Description=贴片电阻
Change Component Description : Designator=R30 Old Description= New Description=贴片电阻
Change Component Description : Designator=R31 Old Description= New Description=贴片电阻
Change Component Description : Designator=R32 Old Description= New Description=贴片电阻
Change Component Description : Designator=R33 Old Description= New Description=贴片电阻
Change Component Description : Designator=R34 Old Description= New Description=贴片电阻
Change Component Description : Designator=R35 Old Description= New Description=贴片电阻
Change Component Description : Designator=R36 Old Description= New Description=贴片电阻
Change Component Description : Designator=R37 Old Description= New Description=贴片电阻
Change Component Description : Designator=R38 Old Description= New Description=贴片电阻
Change Component Description : Designator=R39 Old Description= New Description=贴片电阻
Change Component Description : Designator=R40 Old Description= New Description=贴片电阻
Change Component Description : Designator=R41 Old Description= New Description=贴片电阻
Change Component Description : Designator=R42 Old Description= New Description=贴片电阻
Change Component Description : Designator=R43 Old Description= New Description=贴片电阻
Change Component Description : Designator=R44 Old Description= New Description=贴片电阻
Change Component Description : Designator=R45 Old Description= New Description=贴片电阻
Change Component Description : Designator=R46 Old Description= New Description=贴片电阻
Change Component Description : Designator=R47 Old Description= New Description=贴片电阻
Change Component Description : Designator=R48 Old Description= New Description=贴片电阻
Change Component Description : Designator=R49 Old Description= New Description=贴片电阻
Change Component Description : Designator=R50 Old Description= New Description=贴片电阻
Change Component Description : Designator=R51 Old Description= New Description=贴片电阻
Change Component Description : Designator=R52 Old Description= New Description=贴片电阻
Change Component Description : Designator=R53 Old Description= New Description=贴片电阻
Change Component Description : Designator=R54 Old Description= New Description=贴片电阻
Change Component Description : Designator=R55 Old Description= New Description=贴片电阻
Change Component Description : Designator=R56 Old Description= New Description=贴片电阻
Change Component Description : Designator=R57 Old Description= New Description=贴片电阻
Change Component Description : Designator=R58 Old Description= New Description=贴片电阻
Change Component Description : Designator=R59 Old Description= New Description=贴片电阻
Change Component Description : Designator=R60 Old Description= New Description=贴片电阻
Change Component Description : Designator=R61 Old Description= New Description=贴片电阻
Change Component Description : Designator=R62 Old Description= New Description=贴片电阻
Change Component Description : Designator=R63 Old Description= New Description=贴片电阻
Change Component Description : Designator=R64 Old Description= New Description=贴片电阻
Change Component Description : Designator=R65 Old Description= New Description=贴片电阻
Change Component Description : Designator=R67 Old Description= New Description=贴片电阻
Change Component Description : Designator=R69 Old Description= New Description=贴片电阻
Change Component Description : Designator=R71 Old Description= New Description=贴片电阻
Change Component Description : Designator=R73 Old Description= New Description=贴片电阻
Change Component Description : Designator=R74 Old Description= New Description=贴片电阻
Change Component Description : Designator=R75 Old Description= New Description=贴片电阻
Change Component Description : Designator=R76 Old Description= New Description=贴片电阻
Change Component Description : Designator=R77 Old Description= New Description=贴片电阻
Change Component Description : Designator=R80 Old Description= New Description=贴片电阻
Change Component Description : Designator=C1 Old Description=? New Description=贴片电容
Change Component Description : Designator=C2 Old Description=? New Description=贴片电容
Change Component Description : Designator=C3 Old Description=? New Description=贴片电容
Change Component Description : Designator=C4 Old Description=? New Description=贴片电容
Change Component Description : Designator=C6 Old Description=? New Description=贴片电容
Change Component Description : Designator=C8 Old Description=? New Description=贴片电容
Change Component Description : Designator=C10 Old Description=? New Description=贴片电容
Change Component Description : Designator=C11 Old Description=? New Description=贴片电容
Change Component Description : Designator=C12 Old Description=? New Description=贴片电容
Change Component Description : Designator=C13 Old Description=? New Description=贴片电容
Change Component Description : Designator=C14 Old Description=? New Description=贴片电容
Change Component Description : Designator=C15 Old Description=? New Description=贴片电容
Change Component Description : Designator=C16 Old Description=? New Description=贴片电容
Change Component Description : Designator=C17 Old Description=? New Description=贴片电容
Change Component Description : Designator=C18 Old Description=? New Description=贴片电容
Change Component Description : Designator=C19 Old Description=? New Description=贴片电容
Change Component Description : Designator=C20 Old Description=? New Description=贴片电容
Change Component Description : Designator=C21 Old Description=? New Description=贴片电容
Change Component Description : Designator=C22 Old Description=? New Description=贴片电容
Change Component Description : Designator=C23 Old Description=? New Description=贴片电容
Change Component Description : Designator=L1 Old Description=? New Description=贴片电感
Change Component Description : Designator=U24 Old Description=AR New Description=ARM
Change Component Description : Designator=U7 Old Description=https://item.szlcsc.com/40034.html New Description=https://item.szlcsc.com/40034.html LDO 3.3V
Change Component Description : Designator=U6 Old Description=MP2560D_SOIC-8_ New Description=MP2560D_SOIC-8_EP_150mil
Change Component Description : Designator=U22 Old Description=RS-485/RS-42 New Description=RS-485/RS-422
Change Component Description : Designator=D1 Old Description=肖特? New Description=肖特基二极管
Change Component Description : Designator=Y1 Old Description=贴? New Description=贴片晶振
Change Component Description : Designator=C7 Old Description=贴? New Description=贴片电容
Change Component Description : Designator=C9 Old Description=贴? New Description=贴片电容
