Removed Pin From Net: NetName=VCC5V Pin=C21-2
Removed Pin From Net: NetName=GND Pin=C22-1
Removed Pin From Net: NetName=VCC5V Pin=C22-2
Removed Pin From Net: NetName=GND Pin=C24-1
Removed Pin From Net: NetName=GND Pin=C25-1
Removed Pin From Net: NetName=VCC3V3_2 Pin=C25-2
Removed Pin From Net: NetName=GND Pin=D17-1
Removed Pin From Net: NetName=NetC18_1 Pin=D17-2
Removed Pin From Net: NetName=GND Pin=D18-K
Removed Pin From Net: NetName=NetC18_1 Pin=L2-1
Removed Pin From Net: NetName=GND Pin=R82-1
Removed Pin From Net: NetName=GND Pin=R83-1
Removed Pin From Net: NetName=GND Pin=R84-1
Removed Pin From Net: NetName=NetC18_1 Pin=U25-1
Removed Pin From Net: NetName=GND Pin=U25-5
Removed Pin From Net: NetName=VCC24V Pin=U25-7
Removed Pin From Net: NetName=NetC18_2 Pin=U25-8
Removed Pin From Net: NetName=GND Pin=U26-1
Removed Pin From Net: NetName=VCC3V3_2 Pin=U26-2
Removed Pin From Net: NetName=VCC5V Pin=U26-3
Removed Pin From Net: NetName=GND Pin=VR1-1
Removed Pin From Net: NetName=VCC5V Pin=VR1-2
Removed Pin From Net: NetName=VCC5V Pin=VR1-2
Change Component DesignItemId : Designator=C19 Old DesignItemId= New DesignItemId=1206 220pF (221) 10% 50V
Change Component DesignItemId : Designator=C5 Old DesignItemId= New DesignItemId=C
Change Component DesignItemId : Designator=J1 Old DesignItemId= New DesignItemId=header2
Change Component DesignItemId : Designator=J2 Old DesignItemId= New DesignItemId=header2
Change Component DesignItemId : Designator=J3 Old DesignItemId= New DesignItemId=header4
Change Component DesignItemId : Designator=L2 Old DesignItemId= New DesignItemId=induct
Change Component DesignItemId : Designator=C22 Old DesignItemId=0603 10uF (106) 10% 10V New DesignItemId=0603 220pF (221) 10% 50V
Change Component DesignItemId : Designator=C18 Old DesignItemId=0402 100nF (104) 10% 16V New DesignItemId=0603 100nF (104) 10% 50V
Change Component DesignItemId : Designator=C21 Old DesignItemId=0402 100nF (104) 10% 16V New DesignItemId=0603 100nF (104) 10% 50V
Change Component DesignItemId : Designator=C23 Old DesignItemId=0402 220pF (221) 10% 50V New DesignItemId=0603 10uF (106) 10% 10V
Change Component Footprint: Designator=C18 Old Footprint=0402_C New Footprint=0603_C
Change Component Footprint: Designator=C21 Old Footprint=0402_C New Footprint=0603_C
Change Component Footprint: Designator=C23 Old Footprint=0402_C New Footprint=0603_C
Change Component Footprint: Designator=C19 Old Footprint=E_6.3*5.4 New Footprint=1206_C
Change Component Comment : Designator=C22 Old Comment=10uF New Comment=220pF
Change Component Comment : Designator=L2 Old Comment=22uH New Comment=15uH
Change Component Comment : Designator=C19 Old Comment=33uF New Comment=22u/25V
Change Component Comment : Designator=C23 Old Comment=150pF New Comment=10uF
Change Component Description : Designator=U23 Old Description= New Description=TVS
Change Component Description : Designator=D7 Old Description= New Description=¶þ¼«¹Ü
Change Component Description : Designator=D8 Old Description= New Description=¶þ¼«¹Ü
Change Component Description : Designator=D9 Old Description= New Description=¶þ¼«¹Ü
Change Component Description : Designator=D10 Old Description= New Description=¶þ¼«¹Ü
Change Component Description : Designator=D11 Old Description= New Description=¶þ¼«¹Ü
Change Component Description : Designator=D12 Old Description= New Description=¶þ¼«¹Ü
Change Component Description : Designator=D13 Old Description= New Description=¶þ¼«¹Ü
Change Component Description : Designator=D14 Old Description= New Description=¶þ¼«¹Ü
Change Component Description : Designator=D15 Old Description= New Description=¶þ¼«¹Ü
Change Component Description : Designator=D16 Old Description= New Description=¶þ¼«¹Ü
Change Component Description : Designator=U1 Old Description= New Description=¹âñî
Change Component Description : Designator=U2 Old Description= New Description=¹âñî
Change Component Description : Designator=U3 Old Description= New Description=¹âñî
Change Component Description : Designator=U4 Old Description= New Description=¹âñî
Change Component Description : Designator=U5 Old Description= New Description=¹âñî
Change Component Description : Designator=U12 Old Description= New Description=¼ÌµçÆ÷
Change Component Description : Designator=U13 Old Description= New Description=¼ÌµçÆ÷
Change Component Description : Designator=U14 Old Description= New Description=¼ÌµçÆ÷
Change Component Description : Designator=U15 Old Description= New Description=¼ÌµçÆ÷
Change Component Description : Designator=U16 Old Description= New Description=¼ÌµçÆ÷
Change Component Description : Designator=U17 Old Description= New Description=¼ÌµçÆ÷
Change Component Description : Designator=U18 Old Description= New Description=¼ÌµçÆ÷
Change Component Description : Designator=U19 Old Description= New Description=¼ÌµçÆ÷
Change Component Description : Designator=U20 Old Description= New Description=¼ÌµçÆ÷
Change Component Description : Designator=U21 Old Description= New Description=¼ÌµçÆ÷
Change Component Description : Designator=R1 Old Description= New Description=ÌùÆ¬µç×è
Change Component Description : Designator=R2 Old Description= New Description=ÌùÆ¬µç×è
Change Component Description : Designator=R3 Old Description= New Description=ÌùÆ¬µç×è
Change Component Description : Designator=R4 Old Description= New Description=ÌùÆ¬µç×è
Change Component Description : Designator=R5 Old Description= New Description=ÌùÆ¬µç×è
Change Component Description : Designator=R24 Old Description= New Description=ÌùÆ¬µç×è
Change Component Description : Designator=R25 Old Description= New Description=ÌùÆ¬µç×è
Change Component Description : Designator=R26 Old Description= New Description=ÌùÆ¬µç×è
Change Component Description : Designator=R27 Old Description= New Description=ÌùÆ¬µç×è
Change Component Description : Designator=R28 Old Description= New Description=ÌùÆ¬µç×è
Change Component Description : Designator=R29 Old Description= New Description=ÌùÆ¬µç×è
Change Component Description : Designator=R30 Old Description= New Description=ÌùÆ¬µç×è
Change Component Description : Designator=R31 Old Description= New Description=ÌùÆ¬µç×è
Change Component Description : Designator=R32 Old Description= New Description=ÌùÆ¬µç×è
Change Component Description : Designator=R33 Old Description= New Description=ÌùÆ¬µç×è
Change Component Description : Designator=R34 Old Description= New Description=ÌùÆ¬µç×è
Change Component Description : Designator=R35 Old Description= New Description=ÌùÆ¬µç×è
Change Component Description : Designator=R36 Old Description= New Description=ÌùÆ¬µç×è
Change Component Description : Designator=R37 Old Description= New Description=ÌùÆ¬µç×è
Change Component Description : Designator=R38 Old Description= New Description=ÌùÆ¬µç×è
Change Component Description : Designator=R39 Old Description= New Description=ÌùÆ¬µç×è
Change Component Description : Designator=R40 Old Description= New Description=ÌùÆ¬µç×è
Change Component Description : Designator=R41 Old Description= New Description=ÌùÆ¬µç×è
Change Component Description : Designator=R42 Old Description= New Description=ÌùÆ¬µç×è
Change Component Description : Designator=R43 Old Description= New Description=ÌùÆ¬µç×è
Change Component Description : Designator=R44 Old Description= New Description=ÌùÆ¬µç×è
Change Component Description : Designator=R45 Old Description= New Description=ÌùÆ¬µç×è
Change Component Description : Designator=R46 Old Description= New Description=ÌùÆ¬µç×è
Change Component Description : Designator=R47 Old Description= New Description=ÌùÆ¬µç×è
Change Component Description : Designator=R48 Old Description= New Description=ÌùÆ¬µç×è
Change Component Description : Designator=R49 Old Description= New Description=ÌùÆ¬µç×è
Change Component Description : Designator=R50 Old Description= New Description=ÌùÆ¬µç×è
Change Component Description : Designator=R51 Old Description= New Description=ÌùÆ¬µç×è
Change Component Description : Designator=R52 Old Description= New Description=ÌùÆ¬µç×è
Change Component Description : Designator=R53 Old Description= New Description=ÌùÆ¬µç×è
Change Component Description : Designator=R54 Old Description= New Description=ÌùÆ¬µç×è
Change Component Description : Designator=R55 Old Description= New Description=ÌùÆ¬µç×è
Change Component Description : Designator=R56 Old Description= New Description=ÌùÆ¬µç×è
Change Component Description : Designator=R57 Old Description= New Description=ÌùÆ¬µç×è
Change Component Description : Designator=R58 Old Description= New Description=ÌùÆ¬µç×è
Change Component Description : Designator=R59 Old Description= New Description=ÌùÆ¬µç×è
Change Component Description : Designator=R60 Old Description= New Description=ÌùÆ¬µç×è
Change Component Description : Designator=R61 Old Description= New Description=ÌùÆ¬µç×è
Change Component Description : Designator=R62 Old Description= New Description=ÌùÆ¬µç×è
Change Component Description : Designator=R63 Old Description= New Description=ÌùÆ¬µç×è
Change Component Description : Designator=R64 Old Description= New Description=ÌùÆ¬µç×è
Change Component Description : Designator=R65 Old Description= New Description=ÌùÆ¬µç×è
Change Component Description : Designator=R67 Old Description= New Description=ÌùÆ¬µç×è
Change Component Description : Designator=R69 Old Description= New Description=ÌùÆ¬µç×è
Change Component Description : Designator=R71 Old Description= New Description=ÌùÆ¬µç×è
Change Component Description : Designator=R73 Old Description= New Description=ÌùÆ¬µç×è
Change Component Description : Designator=R74 Old Description= New Description=ÌùÆ¬µç×è
Change Component Description : Designator=R75 Old Description= New Description=ÌùÆ¬µç×è
Change Component Description : Designator=R76 Old Description= New Description=ÌùÆ¬µç×è
Change Component Description : Designator=R77 Old Description= New Description=ÌùÆ¬µç×è
Change Component Description : Designator=R80 Old Description= New Description=ÌùÆ¬µç×è
Change Component Description : Designator=C1 Old Description=? New Description=ÌùÆ¬µçÈÝ
Change Component Description : Designator=C2 Old Description=? New Description=ÌùÆ¬µçÈÝ
Change Component Description : Designator=C3 Old Description=? New Description=ÌùÆ¬µçÈÝ
Change Component Description : Designator=C4 Old Description=? New Description=ÌùÆ¬µçÈÝ
Change Component Description : Designator=C6 Old Description=? New Description=ÌùÆ¬µçÈÝ
Change Component Description : Designator=C8 Old Description=? New Description=ÌùÆ¬µçÈÝ
Change Component Description : Designator=C10 Old Description=? New Description=ÌùÆ¬µçÈÝ
Change Component Description : Designator=C11 Old Description=? New Description=ÌùÆ¬µçÈÝ
Change Component Description : Designator=C12 Old Description=? New Description=ÌùÆ¬µçÈÝ
Change Component Description : Designator=C13 Old Description=? New Description=ÌùÆ¬µçÈÝ
Change Component Description : Designator=C14 Old Description=? New Description=ÌùÆ¬µçÈÝ
Change Component Description : Designator=C15 Old Description=? New Description=ÌùÆ¬µçÈÝ
Change Component Description : Designator=C16 Old Description=? New Description=ÌùÆ¬µçÈÝ
Change Component Description : Designator=C17 Old Description=? New Description=ÌùÆ¬µçÈÝ
Change Component Description : Designator=C20 Old Description=? New Description=ÌùÆ¬µçÈÝ
Change Component Description : Designator=C22 Old Description=? New Description=ÌùÆ¬µçÈÝ
Change Component Description : Designator=L1 Old Description=? New Description=ÌùÆ¬µç¸Ð
Change Component Description : Designator=U24 Old Description=AR New Description=ARM
Change Component Description : Designator=U22 Old Description=RS-485/RS-42 New Description=RS-485/RS-422
Change Component Description : Designator=Y1 Old Description=Ìù? New Description=ÌùÆ¬¾§Õñ
Change Component Description : Designator=C7 Old Description=Ìù? New Description=ÌùÆ¬µçÈÝ
Change Component Description : Designator=C9 Old Description=Ìù? New Description=ÌùÆ¬µçÈÝ
Added Component: Designator=D1(SOD-123)
Added Component: Designator=D2(0603_LED_S1)
Added Component: Designator=R6(0603_R)
Added Component: Designator=R7(0603_R)
Added Component: Designator=R8(0603_R)
Added Component: Designator=R9(0603_R)
Added Component: Designator=R10(0603_R)
Added Component: Designator=R11(0603_R)
Added Component: Designator=U6(SOP-8_150mil)
Added Component: Designator=U7(SOT-23-3)
Added Pin To Net: NetName=VCC5V Pin=C19-1
Added Pin To Net: NetName=VCC3V3 Pin=C21-2
Added Pin To Net: NetName=GND Pin=C23-1
Added Pin To Net: NetName=VCC5V Pin=C23-2
Added Pin To Net: NetName=GND Pin=D1-1
Added Pin To Net: NetName=NetC18_2 Pin=D1-2
Added Pin To Net: NetName=GND Pin=D2-K
Added Pin To Net: NetName=NetC18_2 Pin=L2-1
Added Pin To Net: NetName=VCC5V Pin=L2-2
Added Pin To Net: NetName=VCC5V Pin=R6-1
Added Pin To Net: NetName=VCC5V Pin=R7-2
Added Pin To Net: NetName=GND Pin=R9-1
Added Pin To Net: NetName=GND Pin=R10-2
Added Pin To Net: NetName=GND Pin=R11-1
Added Pin To Net: NetName=NetC18_2 Pin=U6-1
Added Pin To Net: NetName=GND Pin=U6-5
Added Pin To Net: NetName=VCC24V Pin=U6-7
Added Pin To Net: NetName=NetC18_1 Pin=U6-8
Added Pin To Net: NetName=GND Pin=U7-1
Added Pin To Net: NetName=VCC3V3 Pin=U7-2
Added Pin To Net: NetName=VCC5V Pin=U7-3
Added Pin To Net: NetName=NetC22_1 Pin=C22-1
Added Pin To Net: NetName=NetC22_1 Pin=R10-1
Added Net: Name=NetC22_1
Added Pin To Net: NetName=NetC22_2 Pin=C22-2
Added Pin To Net: NetName=NetC22_2 Pin=U6-3
Added Net: Name=NetC22_2
Added Pin To Net: NetName=NetD2_A Pin=D2-A
Added Pin To Net: NetName=NetD2_A Pin=R7-1
Added Net: Name=NetD2_A
Added Pin To Net: NetName=NetR6_2 Pin=R6-2
Added Pin To Net: NetName=NetR6_2 Pin=R8-2
Added Pin To Net: NetName=NetR6_2 Pin=U6-4
Added Net: Name=NetR6_2
Added Pin To Net: NetName=NetR8_1 Pin=R8-1
Added Pin To Net: NetName=NetR8_1 Pin=R11-2
Added Net: Name=NetR8_1
Added Pin To Net: NetName=NetR9_2 Pin=R9-2
Added Pin To Net: NetName=NetR9_2 Pin=U6-6
Added Net: Name=NetR9_2
Added Class: Name=keycontrol_MCU
