Removed Pin From Net: NetName=GND Pin=U9-3
Removed Pin From Net: NetName=GND Pin=U10-3
Removed Pin From Net: NetName=GND Pin=U11-3
Removed Pin From Net: NetName=GND Pin=U12-3
Removed Pin From Net: NetName=GND Pin=U13-3
Added Pin To Net: NetName=GND Pin=U9-4
Added Pin To Net: NetName=GND Pin=U11-4
Added Pin To Net: NetName=GND Pin=U12-4
Added Pin To Net: NetName=GND Pin=U13-4
Added Pin To Net: NetName=CUP1 Pin=J15-1
Added Pin To Net: NetName=CUP1 Pin=U10-3
Added Net: Name=CUP1
Added Pin To Net: NetName=CUP2 Pin=J18-1
Added Pin To Net: NetName=CUP2 Pin=U12-3
Added Net: Name=CUP2
Added Pin To Net: NetName=CUP3 Pin=J16-1
Added Pin To Net: NetName=CUP3 Pin=U11-3
Added Net: Name=CUP3
Added Pin To Net: NetName=CUP4 Pin=J19-1
Added Pin To Net: NetName=CUP4 Pin=U13-3
Added Net: Name=CUP4
Added Pin To Net: NetName=CUP5 Pin=J17-1
Added Pin To Net: NetName=CUP5 Pin=U9-3
Added Net: Name=CUP5
