Change Component Designator: Old Designator=C13 New Designator=C5
Change Component Designator: Old Designator=C14 New Designator=C6
Change Component Designator: Old Designator=C15 New Designator=C7
Change Component Designator: Old Designator=C16 New Designator=C8
Change Component Designator: Old Designator=C17 New Designator=C9
Change Component Designator: Old Designator=C24 New Designator=C10
Change Component Designator: Old Designator=C25 New Designator=C11
Change Component Designator: Old Designator=C26 New Designator=C12
Change Component Designator: Old Designator=C27 New Designator=C13
Change Component Designator: Old Designator=D4 New Designator=D8
Change Component Designator: Old Designator=D5 New Designator=D9
Change Component Designator: Old Designator=D6 New Designator=D10
Change Component Designator: Old Designator=D12 New Designator=D13
Change Component Designator: Old Designator=D12 New Designator=D14
Change Component Designator: Old Designator=D12 New Designator=D16
Change Component Designator: Old Designator=D12 New Designator=D19
Change Component Designator: Old Designator=D12 New Designator=D21
Change Component Designator: Old Designator=D13 New Designator=D11
Change Component Designator: Old Designator=D14 New Designator=D12
Change Component Designator: Old Designator=D16 New Designator=D17
Change Component Designator: Old Designator=D17 New Designator=D18
Change Component Designator: Old Designator=D18 New Designator=D20
Change Component Designator: Old Designator=D19 New Designator=D22
Change Component Designator: Old Designator=J9 New Designator=J10
Change Component Designator: Old Designator=J10 New Designator=J11
Change Component Designator: Old Designator=J11 New Designator=J12
Change Component Designator: Old Designator=J12 New Designator=J13
Change Component Designator: Old Designator=J13 New Designator=J14
Change Component Designator: Old Designator=J14 New Designator=J15
Change Component Designator: Old Designator=J21 New Designator=J16
Change Component Designator: Old Designator=J22 New Designator=J17
Change Component Designator: Old Designator=J23 New Designator=J18
Change Component Designator: Old Designator=J24 New Designator=J19
Change Component Designator: Old Designator=Q12 New Designator=Q14
Change Component Designator: Old Designator=Q12 New Designator=Q15
Change Component Designator: Old Designator=Q12 New Designator=Q16
Change Component Designator: Old Designator=Q12 New Designator=Q17
Change Component Designator: Old Designator=Q12 New Designator=Q18
Change Component Designator: Old Designator=Q13 New Designator=Q9
Change Component Designator: Old Designator=Q14 New Designator=Q11
Change Component Designator: Old Designator=Q15 New Designator=Q12
Change Component Designator: Old Designator=Q16 New Designator=Q13
Change Component Designator: Old Designator=Q17 New Designator=Q10
Change Component Designator: Old Designator=R29 New Designator=R34
Change Component Designator: Old Designator=R29 New Designator=R36
Change Component Designator: Old Designator=R29 New Designator=R37
Change Component Designator: Old Designator=R29 New Designator=R40
Change Component Designator: Old Designator=R29 New Designator=R41
Change Component Designator: Old Designator=R41 New Designator=R35
Change Component Designator: Old Designator=R41 New Designator=R38
Change Component Designator: Old Designator=R41 New Designator=R39
Change Component Designator: Old Designator=R41 New Designator=R42
Change Component Designator: Old Designator=R41 New Designator=R43
Change Component Designator: Old Designator=R42 New Designator=R24
Change Component Designator: Old Designator=R43 New Designator=R26
Change Component Designator: Old Designator=R44 New Designator=R27
Change Component Designator: Old Designator=R45 New Designator=R28
Change Component Designator: Old Designator=R46 New Designator=R25
Change Component Designator: Old Designator=R47 New Designator=R29
Change Component Designator: Old Designator=R48 New Designator=R31
Change Component Designator: Old Designator=R49 New Designator=R32
Change Component Designator: Old Designator=R50 New Designator=R33
Change Component Designator: Old Designator=R51 New Designator=R30
Change Component Designator: Old Designator=U17 New Designator=U9
Change Component Designator: Old Designator=U17 New Designator=U10
Change Component Designator: Old Designator=U17 New Designator=U11
Change Component Designator: Old Designator=U17 New Designator=U12
Change Component Designator: Old Designator=U17 New Designator=U13
