Removed Pin From Net: NetName=VCC24V Pin=C5-1
Removed Pin From Net: NetName=GND Pin=C5-2
Removed Pin From Net: NetName=GND Pin=C6-1
Removed Pin From Net: NetName=PAD1 Pin=C6-2
Removed Pin From Net: NetName=GND Pin=C7-1
Removed Pin From Net: NetName=OSC_OUT Pin=C7-2
Removed Pin From Net: NetName=GND Pin=C8-1
Removed Pin From Net: NetName=VCC3V3 Pin=C8-2
Removed Pin From Net: NetName=OSC_IN Pin=C9-2
Removed Pin From Net: NetName=VDDA Pin=C10-2
Removed Pin From Net: NetName=VDDA Pin=C11-2
Removed Pin From Net: NetName=NRST Pin=C12-2
Removed Pin From Net: NetName=VCC3V3 Pin=C13-2
Removed Pin From Net: NetName=GND Pin=C14-1
Removed Pin From Net: NetName=VCC3V3 Pin=C14-2
Removed Pin From Net: NetName=GND Pin=C15-1
Removed Pin From Net: NetName=VCC3V3 Pin=C15-2
Removed Pin From Net: NetName=GND Pin=C16-1
Removed Pin From Net: NetName=VCC3V3 Pin=C16-2
Removed Pin From Net: NetName=GND Pin=C17-1
Removed Pin From Net: NetName=VCC3V3 Pin=C17-2
Removed Pin From Net: NetName=GND Pin=D1-1
Removed Pin From Net: NetName=NetC18_2 Pin=D1-2
Removed Pin From Net: NetName=VCC5V Pin=D15-2
Removed Pin From Net: NetName=GND Pin=J1-1
Removed Pin From Net: NetName=VCC24V Pin=J1-2
Removed Pin From Net: NetName=GND Pin=J2-1
Removed Pin From Net: NetName=VCC24V Pin=J2-2
Removed Pin From Net: NetName=GND Pin=J6-2
Removed Pin From Net: NetName=GND Pin=J7-2
Removed Pin From Net: NetName=GND Pin=J8-2
Removed Pin From Net: NetName=ZK1 Pin=J9-1
Removed Pin From Net: NetName=ZK2 Pin=J9-2
Removed Pin From Net: NetName=ZK3 Pin=J9-3
Removed Pin From Net: NetName=ZK4 Pin=J9-4
Removed Pin From Net: NetName=ZK5 Pin=J9-5
Removed Pin From Net: NetName=GND Pin=J9-6
Removed Pin From Net: NetName=GND Pin=Q19-2
Removed Pin From Net: NetName=GND Pin=Q20-2
Removed Pin From Net: NetName=GND Pin=Q21-2
Removed Pin From Net: NetName=NetD13_1 Pin=Q21-3
Removed Pin From Net: NetName=GND Pin=Q22-2
Removed Pin From Net: NetName=NetD14_1 Pin=Q22-3
Removed Pin From Net: NetName=GND Pin=Q23-2
Removed Pin From Net: NetName=GND Pin=Q24-2
Removed Pin From Net: NetName=NetD16_1 Pin=Q24-3
Removed Pin From Net: NetName=VCC3V3 Pin=R1-2
Removed Pin From Net: NetName=VCC3V3 Pin=R2-2
Removed Pin From Net: NetName=VCC3V3 Pin=R3-2
Removed Pin From Net: NetName=VCC3V3 Pin=R4-2
Removed Pin From Net: NetName=VCC3V3 Pin=R5-2
Removed Pin From Net: NetName=NetQ18_1 Pin=R52-2
Removed Pin From Net: NetName=GND Pin=R55-1
Removed Pin From Net: NetName=NetQ18_1 Pin=R55-2
Removed Pin From Net: NetName=GND Pin=R56-1
Removed Pin From Net: NetName=GND Pin=R57-1
Removed Pin From Net: NetName=CEN1 Pin=R65-1
Removed Pin From Net: NetName=GND Pin=R67-1
Removed Pin From Net: NetName=GND Pin=R69-1
Removed Pin From Net: NetName=GND Pin=R71-1
Removed Pin From Net: NetName=GND Pin=R73-1
Removed Pin From Net: NetName=GND Pin=R80-2
Removed Pin From Net: NetName=GND Pin=U1-2
Removed Pin From Net: NetName=GND Pin=U2-2
Removed Pin From Net: NetName=GND Pin=U3-2
Removed Pin From Net: NetName=GND Pin=U4-2
Removed Pin From Net: NetName=GND Pin=U5-2
Removed Pin From Net: NetName=VCC5V Pin=U18-1
Removed Pin From Net: NetName=NetD13_1 Pin=U18-2
Removed Pin From Net: NetName=VCC5V Pin=U19-1
Removed Pin From Net: NetName=NetD14_1 Pin=U19-2
Removed Pin From Net: NetName=VCC5V Pin=U20-1
Removed Pin From Net: NetName=VCC5V Pin=U21-1
Removed Pin From Net: NetName=NetD16_1 Pin=U21-2
Removed Pin From Net: NetName=VCC3V3 Pin=U24-1
Removed Pin From Net: NetName=OSC_IN Pin=U24-5
Removed Pin From Net: NetName=OSC_OUT Pin=U24-6
Removed Pin From Net: NetName=NRST Pin=U24-7
Removed Pin From Net: NetName=GND Pin=U24-12
Removed Pin From Net: NetName=VDDA Pin=U24-13
Removed Pin From Net: NetName=USART2_TX Pin=U24-16
Removed Pin From Net: NetName=USART2_RX Pin=U24-17
Removed Pin From Net: NetName=GND Pin=U24-18
Removed Pin From Net: NetName=VCC3V3 Pin=U24-19
Removed Pin From Net: NetName=485_DIR Pin=U24-20
Removed Pin From Net: NetName=GND Pin=U24-31
Removed Pin From Net: NetName=VCC3V3 Pin=U24-32
Removed Pin From Net: NetName=ZKEN5 Pin=U24-33
Removed Pin From Net: NetName=ZKEN4 Pin=U24-34
Removed Pin From Net: NetName=ZKEN3 Pin=U24-35
Removed Pin From Net: NetName=ZKEN2 Pin=U24-36
Removed Pin From Net: NetName=ZKEN1 Pin=U24-37
Removed Pin From Net: NetName=JEN4 Pin=U24-38
Removed Pin From Net: NetName=JEN1 Pin=U24-39
Removed Pin From Net: NetName=JEN5 Pin=U24-40
Removed Pin From Net: NetName=JEN2 Pin=U24-41
Removed Pin From Net: NetName=JEN6 Pin=U24-42
Removed Pin From Net: NetName=JEN3 Pin=U24-43
Removed Pin From Net: NetName=CEN1 Pin=U24-44
Removed Pin From Net: NetName=SWDIO Pin=U24-46
Removed Pin From Net: NetName=GND Pin=U24-47
Removed Pin From Net: NetName=VCC3V3 Pin=U24-48
Removed Pin From Net: NetName=SWCLK Pin=U24-49
Removed Pin From Net: NetName=LED1 Pin=U24-54
Removed Pin From Net: NetName=GND Pin=U24-63
Removed Pin From Net: NetName=VCC3V3 Pin=U24-64
Removed Member From Class: ClassName=keycontrol_MCU Member=C13
Removed Member From Class: ClassName=keycontrol_MCU Member=C14
Removed Member From Class: ClassName=keycontrol_MCU Member=C15
Removed Member From Class: ClassName=keycontrol_MCU Member=C16
Removed Member From Class: ClassName=keycontrol_MCU Member=C17
Removed Member From Class: ClassName=keycontrol1 Member=J10
Removed Member From Class: ClassName=keycontrol1 Member=J11
Removed Member From Class: ClassName=keycontrol1 Member=J12
Removed Member From Class: ClassName=keycontrol1 Member=J13
Removed Member From Class: ClassName=keycontrol1 Member=J14
Removed Member From Class: ClassName=keycontrol1 Member=R24
Removed Member From Class: ClassName=keycontrol_MCU Member=R80
Removed Member From Class: ClassName=keycontrol1 Member=U12
Removed Member From Class: ClassName=keycontrol1 Member=U13
Removed Member From Class: ClassName=keycontrol1 Member=U14
Removed Member From Class: ClassName=keycontrol1 Member=U15
Removed Member From Class: ClassName=keycontrol_MCU Member=U24
Change Component DesignItemId : Designator=C5 Old DesignItemId= New DesignItemId=0603 100nF (104) 10% 50V
Change Component DesignItemId : Designator=J1 Old DesignItemId= New DesignItemId=header2
Change Component DesignItemId : Designator=J2 Old DesignItemId= New DesignItemId=header2
Change Component DesignItemId : Designator=J9 Old DesignItemId= New DesignItemId=header2
Change Component DesignItemId : Designator=J10 Old DesignItemId= New DesignItemId=header2
Change Component DesignItemId : Designator=J11 Old DesignItemId= New DesignItemId=header2
Change Component DesignItemId : Designator=J12 Old DesignItemId= New DesignItemId=header2
Change Component DesignItemId : Designator=J13 Old DesignItemId= New DesignItemId=header2
Change Component DesignItemId : Designator=J14 Old DesignItemId= New DesignItemId=header2
Change Component DesignItemId : Designator=J15 Old DesignItemId= New DesignItemId=header2
Change Component DesignItemId : Designator=J16 Old DesignItemId= New DesignItemId=header2
Change Component DesignItemId : Designator=J17 Old DesignItemId= New DesignItemId=header2
Change Component DesignItemId : Designator=J18 Old DesignItemId= New DesignItemId=header2
Change Component DesignItemId : Designator=J19 Old DesignItemId= New DesignItemId=header2
Change Component DesignItemId : Designator=J20 Old DesignItemId= New DesignItemId=header2
Change Component DesignItemId : Designator=J3 Old DesignItemId= New DesignItemId=header4
Change Component DesignItemId : Designator=U1 Old DesignItemId= New DesignItemId=HF32F/005-HS
Change Component DesignItemId : Designator=L2 Old DesignItemId= New DesignItemId=induct
Change Component DesignItemId : Designator=PTC1 Old DesignItemId= New DesignItemId=PTC
Change Component DesignItemId : Designator=PTC2 Old DesignItemId= New DesignItemId=PTC
Change Component DesignItemId : Designator=J4 Old DesignItemId= New DesignItemId=XH-3
Change Component DesignItemId : Designator=J5 Old DesignItemId= New DesignItemId=XH-3
Change Component DesignItemId : Designator=D2 Old DesignItemId=0603 New DesignItemId=0603 红灯
Change Component DesignItemId : Designator=D3 Old DesignItemId=0603 New DesignItemId=0603 绿灯
Change Component DesignItemId : Designator=R12 Old DesignItemId=0603 1KΩ (1001 New DesignItemId=0603 1KΩ (1001) 1%
Change Component DesignItemId : Designator=R74 Old DesignItemId=0603 1MΩ (1004 New DesignItemId=0603 1MΩ (1004) 1%
Change Component DesignItemId : Designator=R47 Old DesignItemId=0603 4.7KΩ (4701 New DesignItemId=0603 4.7KΩ (4701) 1%
Change Component DesignItemId : Designator=R48 Old DesignItemId=0603 4.7KΩ (4701 New DesignItemId=0603 4.7KΩ (4701) 1%
Change Component DesignItemId : Designator=R49 Old DesignItemId=0603 4.7KΩ (4701 New DesignItemId=0603 4.7KΩ (4701) 1%
Change Component DesignItemId : Designator=R50 Old DesignItemId=0603 4.7KΩ (4701 New DesignItemId=0603 4.7KΩ (4701) 1%
Change Component DesignItemId : Designator=R51 Old DesignItemId=0603 4.7KΩ (4701 New DesignItemId=0603 4.7KΩ (4701) 1%
Change Component DesignItemId : Designator=R75 Old DesignItemId=0603 4.7KΩ (4701 New DesignItemId=0603 4.7KΩ (4701) 1%
Change Component DesignItemId : Designator=R76 Old DesignItemId=0603 4.7KΩ (4701 New DesignItemId=0603 4.7KΩ (4701) 1%
Change Component DesignItemId : Designator=R7 Old DesignItemId=0603 10KΩ (1002 New DesignItemId=0603 10KΩ (1002) 1%
Change Component DesignItemId : Designator=R30 Old DesignItemId=0603 10KΩ (1002 New DesignItemId=0603 10KΩ (1002) 1%
Change Component DesignItemId : Designator=R31 Old DesignItemId=0603 10KΩ (1002 New DesignItemId=0603 10KΩ (1002) 1%
Change Component DesignItemId : Designator=R32 Old DesignItemId=0603 10KΩ (1002 New DesignItemId=0603 10KΩ (1002) 1%
Change Component DesignItemId : Designator=R33 Old DesignItemId=0603 10KΩ (1002 New DesignItemId=0603 10KΩ (1002) 1%
Change Component DesignItemId : Designator=R34 Old DesignItemId=0603 10KΩ (1002 New DesignItemId=0603 10KΩ (1002) 1%
Change Component DesignItemId : Designator=R35 Old DesignItemId=0603 10KΩ (1002 New DesignItemId=0603 10KΩ (1002) 1%
Change Component DesignItemId : Designator=R36 Old DesignItemId=0603 10KΩ (1002 New DesignItemId=0603 10KΩ (1002) 1%
Change Component DesignItemId : Designator=R37 Old DesignItemId=0603 10KΩ (1002 New DesignItemId=0603 10KΩ (1002) 1%
Change Component DesignItemId : Designator=R38 Old DesignItemId=0603 10KΩ (1002 New DesignItemId=0603 10KΩ (1002) 1%
Change Component DesignItemId : Designator=R39 Old DesignItemId=0603 10KΩ (1002 New DesignItemId=0603 10KΩ (1002) 1%
Change Component DesignItemId : Designator=R40 Old DesignItemId=0603 10KΩ (1002 New DesignItemId=0603 10KΩ (1002) 1%
Change Component DesignItemId : Designator=R41 Old DesignItemId=0603 10KΩ (1002 New DesignItemId=0603 10KΩ (1002) 1%
Change Component DesignItemId : Designator=R77 Old DesignItemId=0603 10KΩ (1002 New DesignItemId=0603 10KΩ (1002) 1%
Change Component DesignItemId : Designator=C12 Old DesignItemId=0603 10nF (103) 10% 50V New DesignItemId=0603 100nF (104) 10% 50V
Change Component DesignItemId : Designator=C10 Old DesignItemId=0603 10uF (106) 10% 10V New DesignItemId=0603 100nF (104) 10% 50V
Change Component DesignItemId : Designator=R8 Old DesignItemId=0603 22KΩ (2202 New DesignItemId=0603 22KΩ (2202) 1%
Change Component DesignItemId : Designator=C7 Old DesignItemId=0603 22pF (220) 5% 50V New DesignItemId=0603 100nF (104) 10% 50V
Change Component DesignItemId : Designator=C9 Old DesignItemId=0603 22pF (220) 5% 50V New DesignItemId=0603 100nF (104) 10% 50V
Change Component DesignItemId : Designator=R24 Old DesignItemId=0603 33Ω (33R0 New DesignItemId=0603 33Ω (33R0) 1%
Change Component DesignItemId : Designator=R25 Old DesignItemId=0603 33Ω (33R0 New DesignItemId=0603 33Ω (33R0) 1%
Change Component DesignItemId : Designator=R26 Old DesignItemId=0603 33Ω (33R0 New DesignItemId=0603 33Ω (33R0) 1%
Change Component DesignItemId : Designator=R27 Old DesignItemId=0603 33Ω (33R0 New DesignItemId=0603 33Ω (33R0) 1%
Change Component DesignItemId : Designator=R28 Old DesignItemId=0603 33Ω (33R0 New DesignItemId=0603 33Ω (33R0) 1%
Change Component DesignItemId : Designator=R29 Old DesignItemId=0603 33Ω (33R0 New DesignItemId=0603 33Ω (33R0) 1%
Change Component DesignItemId : Designator=R42 Old DesignItemId=0603 33Ω (33R0 New DesignItemId=0603 33Ω (33R0) 1%
Change Component DesignItemId : Designator=R43 Old DesignItemId=0603 33Ω (33R0 New DesignItemId=0603 33Ω (33R0) 1%
Change Component DesignItemId : Designator=R44 Old DesignItemId=0603 33Ω (33R0 New DesignItemId=0603 33Ω (33R0) 1%
Change Component DesignItemId : Designator=R45 Old DesignItemId=0603 33Ω (33R0 New DesignItemId=0603 33Ω (33R0) 1%
Change Component DesignItemId : Designator=R46 Old DesignItemId=0603 33Ω (33R0 New DesignItemId=0603 33Ω (33R0) 1%
Change Component DesignItemId : Designator=C2 Old DesignItemId=0603 100nF (104) 10% 50V New DesignItemId=0805 10uF (106) 10% 25V
Change Component DesignItemId : Designator=R6 Old DesignItemId=0603 120KΩ (1203 New DesignItemId=0603 120KΩ (1203) 1%
Change Component DesignItemId : Designator=R9 Old DesignItemId=0603 120KΩ (1203 New DesignItemId=0603 120KΩ (1203) 1%
Change Component DesignItemId : Designator=R10 Old DesignItemId=0603 120KΩ (1203 New DesignItemId=0603 120KΩ (1203) 1%
Change Component DesignItemId : Designator=C22 Old DesignItemId=0603 220pF (221) 10% 50V New DesignItemId=0603 100nF (104) 10% 50V
Change Component DesignItemId : Designator=R2 Old DesignItemId=0603 470Ω (4700 New DesignItemId=0603 4.7KΩ (4701) 1%
Change Component DesignItemId : Designator=R4 Old DesignItemId=0603 470Ω (4700 New DesignItemId=0603 10KΩ (1002) 1%
Change Component DesignItemId : Designator=R1 Old DesignItemId=0603 470Ω (4700 New DesignItemId=0603 33Ω (33R0) 1%
Change Component DesignItemId : Designator=R3 Old DesignItemId=0603 470Ω (4700 New DesignItemId=0603 33Ω (33R0) 1%
Change Component DesignItemId : Designator=R11 Old DesignItemId=0603 470Ω (4700 New DesignItemId=0603 470Ω (4700) 1%
Change Component DesignItemId : Designator=U12 Old DesignItemId=HF3 New DesignItemId=HF32F/005-HS
Change Component DesignItemId : Designator=U13 Old DesignItemId=HF3 New DesignItemId=HF32F/005-HS
Change Component DesignItemId : Designator=U14 Old DesignItemId=HF3 New DesignItemId=HF32F/005-HS
Change Component DesignItemId : Designator=U15 Old DesignItemId=HF3 New DesignItemId=HF32F/005-HS
Change Component DesignItemId : Designator=U16 Old DesignItemId=HF3 New DesignItemId=HF32F/005-HS
Change Component DesignItemId : Designator=U17 Old DesignItemId=HF3 New DesignItemId=HF32F/005-HS
Change Component DesignItemId : Designator=U23 Old DesignItemId=PSM712-LF-T7_[C326 New DesignItemId=PSM712-LF-T7_[C32677]
Change Component DesignItemId : Designator=D7 Old DesignItemId=SMA(DO-214AC) S New DesignItemId=SMA(DO-214AC) SS54
Change Component DesignItemId : Designator=D8 Old DesignItemId=SMA(DO-214AC) S New DesignItemId=SMA(DO-214AC) SS54
Change Component DesignItemId : Designator=D9 Old DesignItemId=SMA(DO-214AC) S New DesignItemId=SMA(DO-214AC) SS54
Change Component DesignItemId : Designator=D10 Old DesignItemId=SMA(DO-214AC) S New DesignItemId=SMA(DO-214AC) SS54
Change Component DesignItemId : Designator=D11 Old DesignItemId=SMA(DO-214AC) S New DesignItemId=SMA(DO-214AC) SS54
Change Component DesignItemId : Designator=D12 Old DesignItemId=SMA(DO-214AC) S New DesignItemId=SMA(DO-214AC) SS54
Change Component DesignItemId : Designator=D13 Old DesignItemId=SMA(DO-214AC) S New DesignItemId=SMA(DO-214AC) SS54
Change Component DesignItemId : Designator=D14 Old DesignItemId=SMA(DO-214AC) S New DesignItemId=SMA(DO-214AC) SS54
Change Component DesignItemId : Designator=D15 Old DesignItemId=SMA(DO-214AC) S New DesignItemId=SMA(DO-214AC) SS54
Change Component DesignItemId : Designator=D16 Old DesignItemId=SMA(DO-214AC) S New DesignItemId=SMA(DO-214AC) SS54
Change Component DesignItemId : Designator=D1 Old DesignItemId=SOD-123 B5819W  SL New DesignItemId=SMA(DO-214AC) SS54
Change Component Footprint: Designator=C2 Old Footprint=0603_C New Footprint=0805_C
Change Component Footprint: Designator=C5 Old Footprint=E_6.3*5.4 New Footprint=0603_C
Change Component Footprint: Designator=J10 Old Footprint=PH2-2.0 New Footprint=XH-2P
Change Component Footprint: Designator=J11 Old Footprint=PH2-2.0 New Footprint=XH-2P
Change Component Footprint: Designator=J12 Old Footprint=PH2-2.0 New Footprint=XH-2P
Change Component Footprint: Designator=J13 Old Footprint=PH2-2.0 New Footprint=XH-2P
Change Component Footprint: Designator=J14 Old Footprint=PH2-2.0 New Footprint=XH-2P
Change Component Footprint: Designator=J9 Old Footprint=PH6-2.0 New Footprint=XH-2P
Change Component Footprint: Designator=U1 Old Footprint=SMD_光耦 New Footprint=HF32F/005-HS
Change Component Footprint: Designator=D1 Old Footprint=SOD-123 New Footprint=SMA(DO-214AC)_S1
Change Component Comment : Designator=C12 Old Comment=10nF New Comment=100nF (104) 10% 50V
Change Component Comment : Designator=C10 Old Comment=10uF New Comment=100nF (104) 10% 50V
Change Component Comment : Designator=C7 Old Comment=22pF New Comment=100nF (104) 10% 50V
Change Component Comment : Designator=C9 Old Comment=22pF New Comment=100nF (104) 10% 50V
Change Component Comment : Designator=C2 Old Comment=100nF (104) 10% 50V New Comment=10uF ±10% 35V
Change Component Comment : Designator=C6 Old Comment=100nF New Comment=100nF (104) 10% 50V
Change Component Comment : Designator=C11 Old Comment=100nF New Comment=100nF (104) 10% 50V
Change Component Comment : Designator=C13 Old Comment=100nF New Comment=100nF (104) 10% 50V
Change Component Comment : Designator=C5 Old Comment=100uf New Comment=100nF (104) 10% 50V
Change Component Comment : Designator=C22 Old Comment=220pF New Comment=100nF (104) 10% 50V
Change Component Comment : Designator=R2 Old Comment=470Ω (4700) ±1% New Comment=4.7KΩ (4701) ±1%
Change Component Comment : Designator=R4 Old Comment=470Ω (4700) ±1% New Comment=10KΩ (1002) ±1%
Change Component Comment : Designator=R1 Old Comment=470Ω (4700) ±1% New Comment=33Ω (33R0) ±1%
Change Component Comment : Designator=R3 Old Comment=470Ω (4700) ±1% New Comment=33Ω (33R0) ±1%
Change Component Comment : Designator=Q18 Old Comment=AO3400A N道沟 X0YV1T SOT-23 New Comment=AO3400A N
Change Component Comment : Designator=D1 Old Comment=B5819W  SL New Comment=SS54
Change Component Comment : Designator=J9 Old Comment=header6p New Comment=MOTOR
Change Component Comment : Designator=U1 Old Comment=IS357B New Comment=HF32F/005-HS
Change Component Designator: OldDesignator=C18 NewDesignator=C23
Change Component Designator: OldDesignator=C19 NewDesignator=C24
Change Component Designator: OldDesignator=C20 NewDesignator=C25
Change Component Designator: OldDesignator=C21 NewDesignator=C26
Change Component Designator: OldDesignator=C23 NewDesignator=C28
Change Component Designator: OldDesignator=D2 NewDesignator=D25
Change Component Designator: OldDesignator=D3 NewDesignator=D24
Change Component Designator: OldDesignator=D7 NewDesignator=D2
Change Component Designator: OldDesignator=D8 NewDesignator=D3
Change Component Designator: OldDesignator=D9 NewDesignator=D4
Change Component Designator: OldDesignator=D10 NewDesignator=D5
Change Component Designator: OldDesignator=D11 NewDesignator=D6
Change Component Designator: OldDesignator=D12 NewDesignator=D7
Change Component Designator: OldDesignator=J3 NewDesignator=J22
Change Component Designator: OldDesignator=J4 NewDesignator=J23
Change Component Designator: OldDesignator=J5 NewDesignator=J24
Change Component Designator: OldDesignator=J15 NewDesignator=J3
Change Component Designator: OldDesignator=J16 NewDesignator=J4
Change Component Designator: OldDesignator=J17 NewDesignator=J5
Change Component Designator: OldDesignator=J18 NewDesignator=J6
Change Component Designator: OldDesignator=J19 NewDesignator=J7
Change Component Designator: OldDesignator=J20 NewDesignator=J8
Change Component Designator: OldDesignator=Q7 NewDesignator=Q3
Change Component Designator: OldDesignator=Q8 NewDesignator=Q4
Change Component Designator: OldDesignator=Q9 NewDesignator=Q5
Change Component Designator: OldDesignator=Q10 NewDesignator=Q6
Change Component Designator: OldDesignator=Q11 NewDesignator=Q7
Change Component Designator: OldDesignator=Q12 NewDesignator=Q8
Change Component Designator: OldDesignator=Q13 NewDesignator=Q9
Change Component Designator: OldDesignator=Q14 NewDesignator=Q11
Change Component Designator: OldDesignator=Q15 NewDesignator=Q12
Change Component Designator: OldDesignator=Q16 NewDesignator=Q13
Change Component Designator: OldDesignator=Q17 NewDesignator=Q10
Change Component Designator: OldDesignator=R6 NewDesignator=R49
Change Component Designator: OldDesignator=R7 NewDesignator=R50
Change Component Designator: OldDesignator=R8 NewDesignator=R51
Change Component Designator: OldDesignator=R9 NewDesignator=R52
Change Component Designator: OldDesignator=R10 NewDesignator=R53
Change Component Designator: OldDesignator=R11 NewDesignator=R54
Change Component Designator: OldDesignator=R12 NewDesignator=R48
Change Component Designator: OldDesignator=R24 NewDesignator=R5
Change Component Designator: OldDesignator=R25 NewDesignator=R6
Change Component Designator: OldDesignator=R26 NewDesignator=R7
Change Component Designator: OldDesignator=R27 NewDesignator=R8
Change Component Designator: OldDesignator=R28 NewDesignator=R9
Change Component Designator: OldDesignator=R29 NewDesignator=R10
Change Component Designator: OldDesignator=R30 NewDesignator=R11
Change Component Designator: OldDesignator=R31 NewDesignator=R12
Change Component Designator: OldDesignator=R32 NewDesignator=R13
Change Component Designator: OldDesignator=R33 NewDesignator=R14
Change Component Designator: OldDesignator=R34 NewDesignator=R15
Change Component Designator: OldDesignator=R35 NewDesignator=R16
Change Component Designator: OldDesignator=R36 NewDesignator=R17
Change Component Designator: OldDesignator=R37 NewDesignator=R18
Change Component Designator: OldDesignator=R38 NewDesignator=R19
Change Component Designator: OldDesignator=R39 NewDesignator=R20
Change Component Designator: OldDesignator=R40 NewDesignator=R21
Change Component Designator: OldDesignator=R41 NewDesignator=R22
Change Component Designator: OldDesignator=R42 NewDesignator=R24
Change Component Designator: OldDesignator=R43 NewDesignator=R26
Change Component Designator: OldDesignator=R44 NewDesignator=R27
Change Component Designator: OldDesignator=R45 NewDesignator=R28
Change Component Designator: OldDesignator=R46 NewDesignator=R25
Change Component Designator: OldDesignator=R47 NewDesignator=R29
Change Component Designator: OldDesignator=R48 NewDesignator=R31
Change Component Designator: OldDesignator=R49 NewDesignator=R32
Change Component Designator: OldDesignator=R50 NewDesignator=R33
Change Component Designator: OldDesignator=R51 NewDesignator=R30
Change Component Designator: OldDesignator=R74 NewDesignator=R44
Change Component Designator: OldDesignator=R75 NewDesignator=R45
Change Component Designator: OldDesignator=R76 NewDesignator=R46
Change Component Designator: OldDesignator=R77 NewDesignator=R47
Change Component Designator: OldDesignator=U6 NewDesignator=U17
Change Component Designator: OldDesignator=U7 NewDesignator=U18
Change Component Designator: OldDesignator=U12 NewDesignator=U2
Change Component Designator: OldDesignator=U13 NewDesignator=U3
Change Component Designator: OldDesignator=U14 NewDesignator=U4
Change Component Designator: OldDesignator=U15 NewDesignator=U5
Change Component Designator: OldDesignator=U16 NewDesignator=U6
Change Component Designator: OldDesignator=U17 NewDesignator=U7
Change Component Designator: OldDesignator=U22 NewDesignator=U14
Change Component Designator: OldDesignator=U23 NewDesignator=U15
Change Component Description : Designator=U15 Old Description= New Description=TVS
Change Component Description : Designator=D2 Old Description= New Description=二极管
Change Component Description : Designator=D3 Old Description= New Description=二极管
Change Component Description : Designator=D4 Old Description= New Description=二极管
Change Component Description : Designator=D5 Old Description= New Description=二极管
Change Component Description : Designator=D6 Old Description= New Description=二极管
Change Component Description : Designator=D7 Old Description= New Description=二极管
Change Component Description : Designator=D13 Old Description= New Description=二极管
Change Component Description : Designator=D14 Old Description= New Description=二极管
Change Component Description : Designator=D15 Old Description= New Description=二极管
Change Component Description : Designator=D16 Old Description= New Description=二极管
Change Component Description : Designator=D25 Old Description= New Description=发光二极管
Change Component Description : Designator=D24 Old Description= New Description=发光二极管
Change Component Description : Designator=U2 Old Description= New Description=继电器
Change Component Description : Designator=U3 Old Description= New Description=继电器
Change Component Description : Designator=U4 Old Description= New Description=继电器
Change Component Description : Designator=U5 Old Description= New Description=继电器
Change Component Description : Designator=U6 Old Description= New Description=继电器
Change Component Description : Designator=U7 Old Description= New Description=继电器
Change Component Description : Designator=C1 Old Description= New Description=贴片电容
Change Component Description : Designator=C3 Old Description= New Description=贴片电容
Change Component Description : Designator=C4 Old Description= New Description=贴片电容
Change Component Description : Designator=C6 Old Description= New Description=贴片电容
Change Component Description : Designator=C8 Old Description= New Description=贴片电容
Change Component Description : Designator=C10 Old Description= New Description=贴片电容
Change Component Description : Designator=C11 Old Description= New Description=贴片电容
Change Component Description : Designator=C12 Old Description= New Description=贴片电容
Change Component Description : Designator=C13 Old Description= New Description=贴片电容
Change Component Description : Designator=C23 Old Description= New Description=贴片电容
Change Component Description : Designator=C24 Old Description= New Description=贴片电容
Change Component Description : Designator=C25 Old Description= New Description=贴片电容
Change Component Description : Designator=C26 Old Description= New Description=贴片电容
Change Component Description : Designator=C22 Old Description= New Description=贴片电容
Change Component Description : Designator=C28 Old Description= New Description=贴片电容
Change Component Description : Designator=L1 Old Description= New Description=贴片电感
Change Component Description : Designator=R1 Old Description= New Description=贴片电阻
Change Component Description : Designator=R2 Old Description= New Description=贴片电阻
Change Component Description : Designator=R3 Old Description= New Description=贴片电阻
Change Component Description : Designator=R4 Old Description= New Description=贴片电阻
Change Component Description : Designator=R49 Old Description= New Description=贴片电阻
Change Component Description : Designator=R50 Old Description= New Description=贴片电阻
Change Component Description : Designator=R51 Old Description= New Description=贴片电阻
Change Component Description : Designator=R52 Old Description= New Description=贴片电阻
Change Component Description : Designator=R53 Old Description= New Description=贴片电阻
Change Component Description : Designator=R54 Old Description= New Description=贴片电阻
Change Component Description : Designator=R48 Old Description= New Description=贴片电阻
Change Component Description : Designator=R5 Old Description= New Description=贴片电阻
Change Component Description : Designator=R6 Old Description= New Description=贴片电阻
Change Component Description : Designator=R7 Old Description= New Description=贴片电阻
Change Component Description : Designator=R8 Old Description= New Description=贴片电阻
Change Component Description : Designator=R9 Old Description= New Description=贴片电阻
Change Component Description : Designator=R10 Old Description= New Description=贴片电阻
Change Component Description : Designator=R11 Old Description= New Description=贴片电阻
Change Component Description : Designator=R12 Old Description= New Description=贴片电阻
Change Component Description : Designator=R13 Old Description= New Description=贴片电阻
Change Component Description : Designator=R14 Old Description= New Description=贴片电阻
Change Component Description : Designator=R15 Old Description= New Description=贴片电阻
Change Component Description : Designator=R16 Old Description= New Description=贴片电阻
Change Component Description : Designator=R17 Old Description= New Description=贴片电阻
Change Component Description : Designator=R18 Old Description= New Description=贴片电阻
Change Component Description : Designator=R19 Old Description= New Description=贴片电阻
Change Component Description : Designator=R20 Old Description= New Description=贴片电阻
Change Component Description : Designator=R21 Old Description= New Description=贴片电阻
Change Component Description : Designator=R22 Old Description= New Description=贴片电阻
Change Component Description : Designator=R24 Old Description= New Description=贴片电阻
Change Component Description : Designator=R26 Old Description= New Description=贴片电阻
Change Component Description : Designator=R27 Old Description= New Description=贴片电阻
Change Component Description : Designator=R28 Old Description= New Description=贴片电阻
Change Component Description : Designator=R25 Old Description= New Description=贴片电阻
Change Component Description : Designator=R29 Old Description= New Description=贴片电阻
Change Component Description : Designator=R31 Old Description= New Description=贴片电阻
Change Component Description : Designator=R32 Old Description= New Description=贴片电阻
Change Component Description : Designator=R33 Old Description= New Description=贴片电阻
Change Component Description : Designator=R30 Old Description= New Description=贴片电阻
Change Component Description : Designator=R44 Old Description= New Description=贴片电阻
Change Component Description : Designator=R45 Old Description= New Description=贴片电阻
Change Component Description : Designator=R46 Old Description= New Description=贴片电阻
Change Component Description : Designator=R47 Old Description= New Description=贴片电阻
Change Component Description : Designator=Y1 Old Description=? New Description=贴片晶振
Change Component Description : Designator=C7 Old Description=? New Description=贴片电容
Change Component Description : Designator=C9 Old Description=? New Description=贴片电容
Change Component Description : Designator=U18 Old Description=https://item.szlcsc.com/4 New Description=https://item.szlcsc.com/40034.html LDO 3.3V
Change Component Description : Designator=U17 Old Description=MP2560 New Description=MP2560D_SOIC-8_EP_150mil
Change Component Description : Designator=U14 Old Description=RS-485/RS-4 New Description=RS-485/RS-422
Change Component Library : Designator=D15 Old Library=AD封装2018.9.19Miscellaneous Devices LC.IntLib New Library=Diode.SchLib
Change Component Library : Designator=C7 Old Library=Cap.SchLib New Library=AD封装2018.9.19Miscellaneous Devices LC.IntLib
Change Component Library : Designator=C9 Old Library=Cap.SchLib New Library=AD封装2018.9.19Miscellaneous Devices LC.IntLib
Change Component Library : Designator=L2 Old Library=我的原理图? New Library=我的原理图库.SchLib
Change Component Library : Designator=J1 Old Library=我的集成 New Library=我的集成库.IntLib
Change Component Library : Designator=J2 Old Library=我的集成 New Library=我的集成库.IntLib
Change Component Library : Designator=J22 Old Library=我的集成 New Library=我的集成库.IntLib
Change Component Library : Designator=J23 Old Library=我的集成 New Library=我的集成库.IntLib
Change Component Library : Designator=J24 Old Library=我的集成 New Library=我的集成库.IntLib
Change Component Library : Designator=J3 Old Library=我的集成 New Library=我的集成库.IntLib
Change Component Library : Designator=J4 Old Library=我的集成 New Library=我的集成库.IntLib
Change Component Library : Designator=J5 Old Library=我的集成 New Library=我的集成库.IntLib
Change Component Library : Designator=J6 Old Library=我的集成 New Library=我的集成库.IntLib
Change Component Library : Designator=J7 Old Library=我的集成 New Library=我的集成库.IntLib
Change Component Library : Designator=J8 Old Library=我的集成 New Library=我的集成库.IntLib
Change Component Library : Designator=PTC1 Old Library=我的集成 New Library=我的集成库.IntLib
Change Component Library : Designator=PTC2 Old Library=我的集成 New Library=我的集成库.IntLib
Added Component: Designator=C14(E_6.3*5.4)
Added Component: Designator=C15(0603_C)
Added Component: Designator=C16(0603_C)
Added Component: Designator=C17(0603_C)
Added Component: Designator=C18(0603_C)
Added Component: Designator=C19(0603_C)
Added Component: Designator=C20(0603_C)
Added Component: Designator=C21(0603_C)
Added Component: Designator=C27(0603_C)
Added Component: Designator=D8(SMA(DO-214AC)_S1)
Added Component: Designator=D9(SMA(DO-214AC)_S1)
Added Component: Designator=D10(SMA(DO-214AC)_S1)
Added Component: Designator=D11(SMA(DO-214AC)_S1)
Added Component: Designator=D12(SMA(DO-214AC)_S1)
Added Component: Designator=D17(SMA(DO-214AC)_S1)
Added Component: Designator=D18(SMA(DO-214AC)_S1)
Added Component: Designator=D19(SMA(DO-214AC)_S1)
Added Component: Designator=D20(SMA(DO-214AC)_S1)
Added Component: Designator=D21(SMA(DO-214AC)_S1)
Added Component: Designator=D22(SMA(DO-214AC)_S1)
Added Component: Designator=D23(SOD-123)
Added Component: Designator=J15(XH-3)
Added Component: Designator=J16(XH-3)
Added Component: Designator=J17(XH-3)
Added Component: Designator=J18(XH-3)
Added Component: Designator=J19(XH-3)
Added Component: Designator=J20(5557_a)
Added Component: Designator=J21(5557_a)
Added Component: Designator=Q1(SOT-23-3L)
Added Component: Designator=Q2(SOT-23-3L)
Added Component: Designator=Q14(SOT-23-3L)
Added Component: Designator=Q15(SOT-23-3L)
Added Component: Designator=Q16(SOT-23-3L)
Added Component: Designator=Q17(SOT-23-3L)
Added Component: Designator=R23(0603_R)
Added Component: Designator=R34(0603_R)
Added Component: Designator=R35(0603_R)
Added Component: Designator=R36(0603_R)
Added Component: Designator=R37(0603_R)
Added Component: Designator=R38(0603_R)
Added Component: Designator=R39(0603_R)
Added Component: Designator=R40(0603_R)
Added Component: Designator=R41(0603_R)
Added Component: Designator=R42(0603_R)
Added Component: Designator=R43(0603_R)
Added Component: Designator=U8(SOP8-PP)
Added Component: Designator=U9(HF32F/005-HS)
Added Component: Designator=U10(HF32F/005-HS)
Added Component: Designator=U11(HF32F/005-HS)
Added Component: Designator=U12(HF32F/005-HS)
Added Component: Designator=U13(HF32F/005-HS)
Added Component: Designator=U16(LQFP-32)
Added Pin To Net: NetName=GND Pin=C1-1
Added Pin To Net: NetName=VCC3V3 Pin=C1-2
Added Pin To Net: NetName=GND Pin=C2-1
Added Pin To Net: NetName=VCC24V Pin=C2-2
Added Pin To Net: NetName=GND Pin=C3-1
Added Pin To Net: NetName=VCC24V Pin=C3-2
Added Pin To Net: NetName=ZK1 Pin=C4-1
Added Pin To Net: NetName=VCC24V Pin=C4-2
Added Pin To Net: NetName=ZK1 Pin=C5-1
Added Pin To Net: NetName=VCC24V Pin=C5-2
Added Pin To Net: NetName=ZK1 Pin=C6-1
Added Pin To Net: NetName=VCC24V Pin=C6-2
Added Pin To Net: NetName=ZK1 Pin=C7-1
Added Pin To Net: NetName=VCC24V Pin=C7-2
Added Pin To Net: NetName=ZK1 Pin=C8-1
Added Pin To Net: NetName=VCC24V Pin=C8-2
Added Pin To Net: NetName=VCC24V Pin=C9-2
Added Pin To Net: NetName=VCC24V Pin=C10-2
Added Pin To Net: NetName=VCC24V Pin=C11-2
Added Pin To Net: NetName=VCC24V Pin=C12-2
Added Pin To Net: NetName=VCC24V Pin=C13-2
Added Pin To Net: NetName=VCC24V Pin=C14-1
Added Pin To Net: NetName=GND Pin=C14-2
Added Pin To Net: NetName=GND Pin=C15-1
Added Pin To Net: NetName=PAD1 Pin=C15-2
Added Pin To Net: NetName=GND Pin=C16-1
Added Pin To Net: NetName=OSC_OUT Pin=C16-2
Added Pin To Net: NetName=GND Pin=C17-1
Added Pin To Net: NetName=VCC3V3 Pin=C17-2
Added Pin To Net: NetName=GND Pin=C18-1
Added Pin To Net: NetName=OSC_IN Pin=C18-2
Added Pin To Net: NetName=GND Pin=C19-1
Added Pin To Net: NetName=VDDA Pin=C19-2
Added Pin To Net: NetName=GND Pin=C20-1
Added Pin To Net: NetName=VDDA Pin=C20-2
Added Pin To Net: NetName=GND Pin=C21-1
Added Pin To Net: NetName=NRST Pin=C21-2
Added Pin To Net: NetName=GND Pin=C22-1
Added Pin To Net: NetName=VCC3V3 Pin=C22-2
Added Pin To Net: NetName=VCC5V Pin=D1-2
Added Pin To Net: NetName=ZK1 Pin=D8-1
Added Pin To Net: NetName=VCC24V Pin=D8-2
Added Pin To Net: NetName=ZK1 Pin=D9-1
Added Pin To Net: NetName=VCC24V Pin=D9-2
Added Pin To Net: NetName=ZK1 Pin=D10-1
Added Pin To Net: NetName=VCC24V Pin=D10-2
Added Pin To Net: NetName=ZK1 Pin=D11-1
Added Pin To Net: NetName=VCC24V Pin=D11-2
Added Pin To Net: NetName=ZK1 Pin=D12-1
Added Pin To Net: NetName=VCC24V Pin=D12-2
Added Pin To Net: NetName=GND Pin=D15-1
Added Pin To Net: NetName=VCC24V Pin=D15-2
Added Pin To Net: NetName=GND Pin=D17-1
Added Pin To Net: NetName=VCC24V Pin=D17-2
Added Pin To Net: NetName=GND Pin=D18-1
Added Pin To Net: NetName=VCC24V Pin=D18-2
Added Pin To Net: NetName=VCC5V Pin=D19-2
Added Pin To Net: NetName=GND Pin=D20-1
Added Pin To Net: NetName=VCC24V Pin=D20-2
Added Pin To Net: NetName=VCC5V Pin=D21-2
Added Pin To Net: NetName=GND Pin=D22-1
Added Pin To Net: NetName=VCC24V Pin=D22-2
Added Pin To Net: NetName=GND Pin=D23-1
Added Pin To Net: NetName=NetC18_2 Pin=D23-2
Added Pin To Net: NetName=VCC24V Pin=J10-1
Added Pin To Net: NetName=ZK1 Pin=J10-2
Added Pin To Net: NetName=VCC24V Pin=J11-1
Added Pin To Net: NetName=ZK1 Pin=J11-2
Added Pin To Net: NetName=VCC24V Pin=J12-1
Added Pin To Net: NetName=ZK1 Pin=J12-2
Added Pin To Net: NetName=VCC24V Pin=J13-1
Added Pin To Net: NetName=ZK1 Pin=J13-2
Added Pin To Net: NetName=VCC24V Pin=J14-1
Added Pin To Net: NetName=ZK1 Pin=J14-2
Added Pin To Net: NetName=VCC24V Pin=J15-1
Added Pin To Net: NetName=GND Pin=J15-3
Added Pin To Net: NetName=VCC24V Pin=J16-1
Added Pin To Net: NetName=GND Pin=J16-3
Added Pin To Net: NetName=VCC24V Pin=J17-1
Added Pin To Net: NetName=GND Pin=J17-3
Added Pin To Net: NetName=VCC24V Pin=J18-1
Added Pin To Net: NetName=GND Pin=J18-3
Added Pin To Net: NetName=VCC24V Pin=J19-1
Added Pin To Net: NetName=GND Pin=J19-3
Added Pin To Net: NetName=GND Pin=J20-1
Added Pin To Net: NetName=VCC24V Pin=J20-2
Added Pin To Net: NetName=GND Pin=J21-1
Added Pin To Net: NetName=VCC24V Pin=J21-2
Added Pin To Net: NetName=GND Pin=Q1-2
Added Pin To Net: NetName=ZK1 Pin=Q1-3
Added Pin To Net: NetName=GND Pin=Q2-2
Added Pin To Net: NetName=GND Pin=Q14-2
Added Pin To Net: NetName=NetD13_1 Pin=Q14-3
Added Pin To Net: NetName=GND Pin=Q15-2
Added Pin To Net: NetName=NetD14_1 Pin=Q15-3
Added Pin To Net: NetName=GND Pin=Q16-2
Added Pin To Net: NetName=NetD16_1 Pin=Q16-3
Added Pin To Net: NetName=GND Pin=Q17-2
Added Pin To Net: NetName=ZKEN1 Pin=R1-1
Added Pin To Net: NetName=GND Pin=R2-1
Added Pin To Net: NetName=JEN1 Pin=R3-1
Added Pin To Net: NetName=GND Pin=R4-1
Added Pin To Net: NetName=GND Pin=R23-2
Added Pin To Net: NetName=CEN1 Pin=R34-1
Added Pin To Net: NetName=GND Pin=R35-1
Added Pin To Net: NetName=CEN1 Pin=R36-1
Added Pin To Net: NetName=CEN1 Pin=R37-1
Added Pin To Net: NetName=GND Pin=R38-1
Added Pin To Net: NetName=GND Pin=R39-1
Added Pin To Net: NetName=CEN1 Pin=R40-1
Added Pin To Net: NetName=CEN1 Pin=R41-1
Added Pin To Net: NetName=NetQ18_1 Pin=R41-2
Added Pin To Net: NetName=GND Pin=R42-1
Added Pin To Net: NetName=GND Pin=R43-1
Added Pin To Net: NetName=NetQ18_1 Pin=R43-2
Added Pin To Net: NetName=VCC5V Pin=U1-1
Added Pin To Net: NetName=JKL1 Pin=U1-3
Added Pin To Net: NetName=JKH1 Pin=U1-4
Added Pin To Net: NetName=GND Pin=U8-1
Added Pin To Net: NetName=VCC3V3 Pin=U8-4
Added Pin To Net: NetName=VCC24V Pin=U8-5
Added Pin To Net: NetName=GND Pin=U8-9
Added Pin To Net: NetName=VCC5V Pin=U9-1
Added Pin To Net: NetName=NetD13_1 Pin=U9-2
Added Pin To Net: NetName=VCC5V Pin=U10-1
Added Pin To Net: NetName=NetD14_1 Pin=U10-2
Added Pin To Net: NetName=VCC5V Pin=U11-1
Added Pin To Net: NetName=NetD16_1 Pin=U11-2
Added Pin To Net: NetName=VCC5V Pin=U12-1
Added Pin To Net: NetName=VCC5V Pin=U13-1
Added Pin To Net: NetName=VCC3V3 Pin=U16-4
Added Pin To Net: NetName=GND Pin=U16-5
Change Net Name : Old Net Name=NetC18_1 New Net Name=NetC23_1
Change Net Name : Old Net Name=NetC18_2 New Net Name=NetC23_2
Change Net Name : Old Net Name=NetD2_A New Net Name=NetD25_A
Change Net Name : Old Net Name=NetD3_A New Net Name=NetD24_A
Change Net Name : Old Net Name=NetD7_1 New Net Name=NetD2_1
Change Net Name : Old Net Name=NetD8_1 New Net Name=NetD3_1
Change Net Name : Old Net Name=NetD9_1 New Net Name=NetD4_1
Change Net Name : Old Net Name=NetD10_1 New Net Name=NetD5_1
Change Net Name : Old Net Name=NetD11_1 New Net Name=NetD6_1
Change Net Name : Old Net Name=NetD12_1 New Net Name=NetD7_1
Change Net Name : Old Net Name=NetQ7_1 New Net Name=NetQ3_1
Change Net Name : Old Net Name=NetQ8_1 New Net Name=NetQ4_1
Change Net Name : Old Net Name=NetQ9_1 New Net Name=NetQ5_1
Change Net Name : Old Net Name=NetQ10_1 New Net Name=NetQ6_1
Change Net Name : Old Net Name=NetQ11_1 New Net Name=NetQ7_1
Change Net Name : Old Net Name=NetQ12_1 New Net Name=NetQ8_1
Change Net Name : Old Net Name=NetQ13_1 New Net Name=NetQ9_1
Change Net Name : Old Net Name=NetQ14_1 New Net Name=NetQ11_1
Change Net Name : Old Net Name=NetQ15_1 New Net Name=NetQ12_1
Change Net Name : Old Net Name=NetQ16_1 New Net Name=NetQ13_1
Change Net Name : Old Net Name=NetQ17_1 New Net Name=NetQ10_1
Change Net Name : Old Net Name=NetR6_2 New Net Name=NetR49_2
Change Net Name : Old Net Name=NetR8_1 New Net Name=NetR51_1
Change Net Name : Old Net Name=NetR9_2 New Net Name=NetR52_2
Added Pin To Net: NetName=C+ Pin=J15-2
Added Pin To Net: NetName=C+ Pin=J16-2
Added Pin To Net: NetName=C+ Pin=J17-2
Added Pin To Net: NetName=C+ Pin=J18-2
Added Pin To Net: NetName=C+ Pin=J19-2
Added Pin To Net: NetName=C+ Pin=U9-3
Added Pin To Net: NetName=C+ Pin=U10-3
Added Pin To Net: NetName=C+ Pin=U11-3
Added Pin To Net: NetName=C+ Pin=U12-3
Added Pin To Net: NetName=C+ Pin=U13-3
Added Net: Name=C+
Added Pin To Net: NetName=IN1 Pin=U8-3
Added Net: Name=IN1
Added Pin To Net: NetName=IN2 Pin=U8-2
Added Net: Name=IN2
Added Pin To Net: NetName=NetC27_1 Pin=C27-1
Added Pin To Net: NetName=NetC27_1 Pin=R53-1
Added Net: Name=NetC27_1
Added Pin To Net: NetName=NetC27_2 Pin=C27-2
Added Pin To Net: NetName=NetC27_2 Pin=U17-3
Added Net: Name=NetC27_2
Added Pin To Net: NetName=NetD1_1 Pin=D1-1
Added Pin To Net: NetName=NetD1_1 Pin=Q2-3
Added Pin To Net: NetName=NetD1_1 Pin=U1-2
Added Net: Name=NetD1_1
Added Pin To Net: NetName=NetD19_1 Pin=D19-1
Added Pin To Net: NetName=NetD19_1 Pin=Q17-3
Added Pin To Net: NetName=NetD19_1 Pin=U12-2
Added Net: Name=NetD19_1
Added Pin To Net: NetName=NetD21_1 Pin=D21-1
Added Pin To Net: NetName=NetD21_1 Pin=Q18-3
Added Pin To Net: NetName=NetD21_1 Pin=U13-2
Added Net: Name=NetD21_1
Added Pin To Net: NetName=NetQ1_1 Pin=Q1-1
Added Pin To Net: NetName=NetQ1_1 Pin=R1-2
Added Pin To Net: NetName=NetQ1_1 Pin=R2-2
Added Net: Name=NetQ1_1
Added Pin To Net: NetName=NetQ2_1 Pin=Q2-1
Added Pin To Net: NetName=NetQ2_1 Pin=R3-2
Added Pin To Net: NetName=NetQ2_1 Pin=R4-2
Added Net: Name=NetQ2_1
Added Pin To Net: NetName=NetQ14_1 Pin=Q14-1
Added Pin To Net: NetName=NetQ14_1 Pin=R34-2
Added Pin To Net: NetName=NetQ14_1 Pin=R35-2
Added Net: Name=NetQ14_1
Added Pin To Net: NetName=NetQ15_1 Pin=Q15-1
Added Pin To Net: NetName=NetQ15_1 Pin=R36-2
Added Pin To Net: NetName=NetQ15_1 Pin=R38-2
Added Net: Name=NetQ15_1
Added Pin To Net: NetName=NetQ16_1 Pin=Q16-1
Added Pin To Net: NetName=NetQ16_1 Pin=R37-2
Added Pin To Net: NetName=NetQ16_1 Pin=R39-2
Added Net: Name=NetQ16_1
Added Pin To Net: NetName=NetQ17_1 Pin=Q17-1
Added Pin To Net: NetName=NetQ17_1 Pin=R40-2
Added Pin To Net: NetName=NetQ17_1 Pin=R42-2
Added Net: Name=NetQ17_1
Added Pin To Net: NetName=NetR23_1 Pin=R23-1
Added Pin To Net: NetName=NetR23_1 Pin=U8-7
Added Net: Name=NetR23_1
Added Pin To Net: NetName=OUT1 Pin=U8-6
Added Net: Name=OUT1
Added Pin To Net: NetName=OUT2 Pin=U8-8
Added Net: Name=OUT2
Added Pin To Net: NetName=VCC24 Pin=U9-4
Added Pin To Net: NetName=VCC24 Pin=U10-4
Added Pin To Net: NetName=VCC24 Pin=U11-4
Added Pin To Net: NetName=VCC24 Pin=U12-4
Added Pin To Net: NetName=VCC24 Pin=U13-4
Added Net: Name=VCC24
Added Class: Name=keycontrol2
Added Class: Name=keycontrol
Added Member To Class: ClassName=keycontrol_MCU Member=Component C27 220pF
Added Member To Class: ClassName=keycontrol1 Member=Component D1 SS54
Added Member To Class: ClassName=keycontrol1 Member=Component J1 MOTOR
Added Member To Class: ClassName=keycontrol1 Member=Component J2 MOTOR
Added Member To Class: ClassName=keycontrol1 Member=Component Q1 AO3400A N道沟 X0YV1T SOT-23
Added Member To Class: ClassName=keycontrol1 Member=Component Q2 AO3400A N
Added Member To Class: ClassName=keycontrol_MCU Member=Component U16 STM32G030K8T6
