Removed Pin From Net: NetName=VCC24V Pin=C14-1
Removed Pin From Net: NetName=GND Pin=C14-2
Removed Pin From Net: NetName=GND Pin=C15-1
Removed Pin From Net: NetName=PAD1 Pin=C15-2
Removed Pin From Net: NetName=GND Pin=C16-1
Removed Pin From Net: NetName=OSC_OUT Pin=C16-2
Removed Pin From Net: NetName=GND Pin=C17-1
Removed Pin From Net: NetName=VCC3V3 Pin=C17-2
Removed Pin From Net: NetName=GND Pin=C18-1
Removed Pin From Net: NetName=OSC_IN Pin=C18-2
Removed Pin From Net: NetName=GND Pin=C19-1
Removed Pin From Net: NetName=VDDA Pin=C19-2
Removed Pin From Net: NetName=GND Pin=C20-1
Removed Pin From Net: NetName=VDDA Pin=C20-2
Removed Pin From Net: NetName=GND Pin=C21-1
Removed Pin From Net: NetName=NRST Pin=C21-2
Removed Pin From Net: NetName=NetC27_1 Pin=C27-1
Removed Pin From Net: NetName=NetC27_2 Pin=C27-2
Removed Pin From Net: NetName=GND Pin=D23-1
Removed Pin From Net: NetName=NetC23_2 Pin=D23-2
Removed Pin From Net: NetName=ZK1 Pin=Q1-3
Added Component: Designator=C14(E_6.3*5.4)
Added Component: Designator=C15(0603_C)
Added Component: Designator=C16(0603_C)
Added Component: Designator=C17(0603_C)
Added Component: Designator=C18(0603_C)
Added Component: Designator=C19(0603_C)
Added Component: Designator=C20(0603_C)
Added Component: Designator=C21(0603_C)
Added Component: Designator=C27(0603_C)
Added Component: Designator=C29(0603_C)
Added Component: Designator=D2(SMA(DO-214AC)_S1)
Added Component: Designator=D3(SMA(DO-214AC)_S1)
Added Component: Designator=J3(xh-4)
Added Component: Designator=J4(xh-4)
Added Component: Designator=Q3(SOT-23-3L)
Added Component: Designator=Q4(SOT-23-3L)
Added Component: Designator=R5(0402_R)
Added Component: Designator=R6(0402_R)
Added Component: Designator=R7(0402_R)
Added Component: Designator=R8(0402_R)
Added Pin To Net: NetName=VCC24V Pin=C14-1
Added Pin To Net: NetName=GND Pin=C14-2
Added Pin To Net: NetName=GND Pin=C15-1
Added Pin To Net: NetName=PAD1 Pin=C15-2
Added Pin To Net: NetName=GND Pin=C16-1
Added Pin To Net: NetName=OSC_OUT Pin=C16-2
Added Pin To Net: NetName=GND Pin=C17-1
Added Pin To Net: NetName=VCC3V3 Pin=C17-2
Added Pin To Net: NetName=GND Pin=C18-1
Added Pin To Net: NetName=OSC_IN Pin=C18-2
Added Pin To Net: NetName=GND Pin=C19-1
Added Pin To Net: NetName=VDDA Pin=C19-2
Added Pin To Net: NetName=GND Pin=C20-1
Added Pin To Net: NetName=VDDA Pin=C20-2
Added Pin To Net: NetName=GND Pin=C21-1
Added Pin To Net: NetName=NRST Pin=C21-2
Added Pin To Net: NetName=NetC27_1 Pin=C27-1
Added Pin To Net: NetName=NetC27_2 Pin=C27-2
Added Pin To Net: NetName=VCC24V Pin=C29-2
Added Pin To Net: NetName=VCC24V Pin=D2-2
Added Pin To Net: NetName=GND Pin=D3-1
Added Pin To Net: NetName=NetC23_2 Pin=D3-2
Added Pin To Net: NetName=VCC24V Pin=J2-1
Added Pin To Net: NetName=GND Pin=J3-3
Added Pin To Net: NetName=VCC5V Pin=J3-4
Added Pin To Net: NetName=GND Pin=J4-3
Added Pin To Net: NetName=VCC5V Pin=J4-4
Added Pin To Net: NetName=GND Pin=Q3-2
Added Pin To Net: NetName=GND Pin=Q4-2
Added Pin To Net: NetName=VCC5V Pin=R5-2
Added Pin To Net: NetName=VCC5V Pin=R7-2
Added Pin To Net: NetName=NetC29_1 Pin=C29-1
Added Pin To Net: NetName=NetC29_1 Pin=D2-1
Added Pin To Net: NetName=NetC29_1 Pin=J2-2
Added Pin To Net: NetName=NetC29_1 Pin=Q1-3
Added Net: Name=NetC29_1
Added Pin To Net: NetName=NetJ1_1 Pin=J1-1
Added Pin To Net: NetName=NetJ1_1 Pin=U1-4
Added Net: Name=NetJ1_1
Added Pin To Net: NetName=NetJ1_2 Pin=J1-2
Added Pin To Net: NetName=NetJ1_2 Pin=U1-3
Added Net: Name=NetJ1_2
Added Pin To Net: NetName=NetJ3_1 Pin=J3-1
Added Pin To Net: NetName=NetJ3_1 Pin=J3-2
Added Pin To Net: NetName=NetJ3_1 Pin=Q3-3
Added Pin To Net: NetName=NetJ3_1 Pin=R5-1
Added Net: Name=NetJ3_1
Added Pin To Net: NetName=NetJ4_1 Pin=J4-1
Added Pin To Net: NetName=NetJ4_1 Pin=J4-2
Added Pin To Net: NetName=NetJ4_1 Pin=Q4-3
Added Pin To Net: NetName=NetJ4_1 Pin=R7-1
Added Net: Name=NetJ4_1
Added Pin To Net: NetName=NetQ3_1 Pin=Q3-1
Added Pin To Net: NetName=NetQ3_1 Pin=R6-2
Added Net: Name=NetQ3_1
Added Pin To Net: NetName=NetQ4_1 Pin=Q4-1
Added Pin To Net: NetName=NetQ4_1 Pin=R8-2
Added Net: Name=NetQ4_1
Added Pin To Net: NetName=WS2813_CTRL1 Pin=R6-1
Added Net: Name=WS2813_CTRL1
Added Pin To Net: NetName=WS2813_CTRL2 Pin=R8-1
Added Net: Name=WS2813_CTRL2
Added Member To Class: ClassName=keycontrol_MCU Member=Component C14 100uf
Added Member To Class: ClassName=keycontrol_MCU Member=Component C15 100nF
Added Member To Class: ClassName=keycontrol_MCU Member=Component C16 22pF
Added Member To Class: ClassName=keycontrol_MCU Member=Component C17 100nF (104) 10% 50V
Added Member To Class: ClassName=keycontrol_MCU Member=Component C18 22pF
Added Member To Class: ClassName=keycontrol_MCU Member=Component C19 10uF
Added Member To Class: ClassName=keycontrol_MCU Member=Component C20 100nF
Added Member To Class: ClassName=keycontrol_MCU Member=Component C21 10nF
Added Member To Class: ClassName=keycontrol_MCU Member=Component C27 220pF
Added Member To Class: ClassName=keycontrol1 Member=Component C29 100nF (104) 10% 50V
Added Member To Class: ClassName=keycontrol1 Member=Component D2 SS54
Added Member To Class: ClassName=keycontrol_MCU Member=Component D3 SS54
Added Member To Class: ClassName=keycontrol1 Member=Component J3 header4
Added Member To Class: ClassName=keycontrol1 Member=Component J4 header4
Added Member To Class: ClassName=keycontrol1 Member=Component Q3 AO3400A N耋僱 X0YV1T SOT-23
Added Member To Class: ClassName=keycontrol1 Member=Component Q4 AO3400A N耋僱 X0YV1T SOT-23
Added Member To Class: ClassName=keycontrol1 Member=Component R5 470次
Added Member To Class: ClassName=keycontrol1 Member=Component R6 27次
Added Member To Class: ClassName=keycontrol1 Member=Component R7 470次
Added Member To Class: ClassName=keycontrol1 Member=Component R8 27次
