Change Component Designator: Old Designator=D7 New Designator=D2
Change Component Designator: Old Designator=D8 New Designator=D3
Change Component Designator: Old Designator=D9 New Designator=D4
Change Component Designator: Old Designator=D10 New Designator=D5
Change Component Designator: Old Designator=D11 New Designator=D6
Change Component Designator: Old Designator=D12 New Designator=D1
Change Component Designator: Old Designator=D12 New Designator=D7
Change Component Designator: Old Designator=J6 New Designator=J1
Change Component Designator: Old Designator=J7 New Designator=J2
Change Component Designator: Old Designator=J15 New Designator=J3
Change Component Designator: Old Designator=J16 New Designator=J4
Change Component Designator: Old Designator=J17 New Designator=J5
Change Component Designator: Old Designator=J18 New Designator=J6
Change Component Designator: Old Designator=J19 New Designator=J7
Change Component Designator: Old Designator=J20 New Designator=J8
Change Component Designator: Old Designator=Q7 New Designator=Q3
Change Component Designator: Old Designator=Q8 New Designator=Q4
Change Component Designator: Old Designator=Q9 New Designator=Q5
Change Component Designator: Old Designator=Q10 New Designator=Q6
Change Component Designator: Old Designator=Q11 New Designator=Q7
Change Component Designator: Old Designator=Q12 New Designator=Q2
Change Component Designator: Old Designator=Q12 New Designator=Q8
Change Component Designator: Old Designator=Q14 New Designator=Q1
Change Component Designator: Old Designator=R24 New Designator=R5
Change Component Designator: Old Designator=R25 New Designator=R6
Change Component Designator: Old Designator=R26 New Designator=R7
Change Component Designator: Old Designator=R27 New Designator=R8
Change Component Designator: Old Designator=R28 New Designator=R9
Change Component Designator: Old Designator=R29 New Designator=R3
Change Component Designator: Old Designator=R29 New Designator=R10
Change Component Designator: Old Designator=R30 New Designator=R11
Change Component Designator: Old Designator=R31 New Designator=R12
Change Component Designator: Old Designator=R32 New Designator=R13
Change Component Designator: Old Designator=R33 New Designator=R14
Change Component Designator: Old Designator=R34 New Designator=R15
Change Component Designator: Old Designator=R35 New Designator=R16
Change Component Designator: Old Designator=R36 New Designator=R17
Change Component Designator: Old Designator=R37 New Designator=R18
Change Component Designator: Old Designator=R38 New Designator=R19
Change Component Designator: Old Designator=R39 New Designator=R20
Change Component Designator: Old Designator=R40 New Designator=R21
Change Component Designator: Old Designator=R41 New Designator=R4
Change Component Designator: Old Designator=R41 New Designator=R22
Change Component Designator: Old Designator=R43 New Designator=R1
Change Component Designator: Old Designator=R48 New Designator=R2
Change Component Designator: Old Designator=U12 New Designator=U2
Change Component Designator: Old Designator=U13 New Designator=U3
Change Component Designator: Old Designator=U14 New Designator=U4
Change Component Designator: Old Designator=U15 New Designator=U5
Change Component Designator: Old Designator=U16 New Designator=U6
Change Component Designator: Old Designator=U17 New Designator=U1
Change Component Designator: Old Designator=U17 New Designator=U7
