Removed Pin From Net: NetName=VCC24V Pin=C14-1
Removed Pin From Net: NetName=GND Pin=C14-2
Removed Pin From Net: NetName=GND Pin=C15-1
Removed Pin From Net: NetName=PAD1 Pin=C15-2
Removed Pin From Net: NetName=GND Pin=C16-1
Removed Pin From Net: NetName=OSC_OUT Pin=C16-2
Removed Pin From Net: NetName=GND Pin=C17-1
Removed Pin From Net: NetName=VCC3V3 Pin=C17-2
Removed Pin From Net: NetName=GND Pin=C18-1
Removed Pin From Net: NetName=OSC_IN Pin=C18-2
Removed Pin From Net: NetName=GND Pin=C19-1
Removed Pin From Net: NetName=VDDA Pin=C19-2
Removed Pin From Net: NetName=GND Pin=C20-1
Removed Pin From Net: NetName=VDDA Pin=C20-2
Removed Pin From Net: NetName=GND Pin=C21-1
Removed Pin From Net: NetName=NRST Pin=C21-2
Removed Pin From Net: NetName=NetC27_1 Pin=C27-1
Removed Pin From Net: NetName=NetC27_2 Pin=C27-2
Removed Pin From Net: NetName=VCC5V Pin=D2-2
Removed Pin From Net: NetName=VCC5V Pin=D3-2
Removed Pin From Net: NetName=VCC5V Pin=D4-2
Removed Pin From Net: NetName=VCC5V Pin=D5-2
Removed Pin From Net: NetName=VCC5V Pin=D6-2
Removed Pin From Net: NetName=VCC5V Pin=D7-2
Removed Pin From Net: NetName=GND Pin=D23-1
Removed Pin From Net: NetName=NetC23_2 Pin=D23-2
Removed Pin From Net: NetName=JKH1 Pin=J3-1
Removed Pin From Net: NetName=JKL1 Pin=J3-2
Removed Pin From Net: NetName=GND Pin=Q3-2
Removed Pin From Net: NetName=GND Pin=Q4-2
Removed Pin From Net: NetName=GND Pin=Q5-2
Removed Pin From Net: NetName=GND Pin=Q6-2
Removed Pin From Net: NetName=GND Pin=Q7-2
Removed Pin From Net: NetName=GND Pin=Q8-2
Removed Pin From Net: NetName=JEN1 Pin=R10-1
Removed Pin From Net: NetName=GND Pin=R11-1
Removed Pin From Net: NetName=GND Pin=R12-1
Removed Pin From Net: NetName=GND Pin=R13-1
Removed Pin From Net: NetName=GND Pin=R14-1
Removed Pin From Net: NetName=GND Pin=R15-1
Removed Pin From Net: NetName=GND Pin=R16-1
Removed Pin From Net: NetName=GND Pin=R17-1
Removed Pin From Net: NetName=GND Pin=R18-1
Removed Pin From Net: NetName=GND Pin=R19-1
Removed Pin From Net: NetName=GND Pin=R20-1
Removed Pin From Net: NetName=GND Pin=R21-1
Removed Pin From Net: NetName=JEN1 Pin=R21-2
Removed Pin From Net: NetName=GND Pin=R22-1
Removed Pin From Net: NetName=VCC5V Pin=U2-1
Removed Pin From Net: NetName=VCC5V Pin=U3-1
Removed Pin From Net: NetName=VCC5V Pin=U4-1
Removed Pin From Net: NetName=VCC5V Pin=U5-1
Removed Pin From Net: NetName=VCC5V Pin=U6-1
Removed Pin From Net: NetName=VCC5V Pin=U7-1
Removed Pin From Net: NetName=JKL1 Pin=U7-3
Removed Pin From Net: NetName=JKH1 Pin=U7-4
Change Component DesignItemId : Designator=J9 Old DesignItemId= New DesignItemId=header2
Change Component DesignItemId : Designator=J10 Old DesignItemId= New DesignItemId=header2
Change Component DesignItemId : Designator=J11 Old DesignItemId= New DesignItemId=header2
Change Component DesignItemId : Designator=J12 Old DesignItemId= New DesignItemId=header2
Change Component DesignItemId : Designator=J13 Old DesignItemId= New DesignItemId=header2
Change Component DesignItemId : Designator=J14 Old DesignItemId= New DesignItemId=header2
Change Component DesignItemId : Designator=J20 Old DesignItemId= New DesignItemId=header2
Change Component DesignItemId : Designator=J21 Old DesignItemId= New DesignItemId=header2
Change Component DesignItemId : Designator=J15 Old DesignItemId= New DesignItemId=header3p
Change Component DesignItemId : Designator=J16 Old DesignItemId= New DesignItemId=header3p
Change Component DesignItemId : Designator=J17 Old DesignItemId= New DesignItemId=header3p
Change Component DesignItemId : Designator=J18 Old DesignItemId= New DesignItemId=header3p
Change Component DesignItemId : Designator=J19 Old DesignItemId= New DesignItemId=header3p
Change Component DesignItemId : Designator=J22 Old DesignItemId= New DesignItemId=header4
Change Component DesignItemId : Designator=L2 Old DesignItemId= New DesignItemId=induct
Change Component DesignItemId : Designator=PTC1 Old DesignItemId= New DesignItemId=PTC
Change Component DesignItemId : Designator=PTC2 Old DesignItemId= New DesignItemId=PTC
Change Component DesignItemId : Designator=J23 Old DesignItemId= New DesignItemId=XH-3
Change Component DesignItemId : Designator=J24 Old DesignItemId= New DesignItemId=XH-3
Change Component Description : Designator=U16 Old Description= New Description=MCU
Change Component Description : Designator=U15 Old Description= New Description=TVS
Change Component Description : Designator=D1 Old Description= New Description=二极管
Change Component Description : Designator=D13 Old Description= New Description=二极管
Change Component Description : Designator=D14 Old Description= New Description=二极管
Change Component Description : Designator=D16 Old Description= New Description=二极管
Change Component Description : Designator=D19 Old Description= New Description=二极管
Change Component Description : Designator=D21 Old Description= New Description=二极管
Change Component Description : Designator=D24 Old Description= New Description=发光二极管
Change Component Description : Designator=D25 Old Description= New Description=发光二极管
Change Component Description : Designator=U1 Old Description= New Description=继电器
Change Component Description : Designator=U9 Old Description= New Description=继电器
Change Component Description : Designator=U10 Old Description= New Description=继电器
Change Component Description : Designator=U11 Old Description= New Description=继电器
Change Component Description : Designator=U12 Old Description= New Description=继电器
Change Component Description : Designator=U13 Old Description= New Description=继电器
Change Component Description : Designator=R1 Old Description= New Description=贴片电阻
Change Component Description : Designator=R2 Old Description= New Description=贴片电阻
Change Component Description : Designator=R3 Old Description= New Description=贴片电阻
Change Component Description : Designator=R4 Old Description= New Description=贴片电阻
Change Component Description : Designator=R23 Old Description= New Description=贴片电阻
Change Component Description : Designator=R24 Old Description= New Description=贴片电阻
Change Component Description : Designator=R25 Old Description= New Description=贴片电阻
Change Component Description : Designator=R26 Old Description= New Description=贴片电阻
Change Component Description : Designator=R27 Old Description= New Description=贴片电阻
Change Component Description : Designator=R28 Old Description= New Description=贴片电阻
Change Component Description : Designator=R29 Old Description= New Description=贴片电阻
Change Component Description : Designator=R30 Old Description= New Description=贴片电阻
Change Component Description : Designator=R31 Old Description= New Description=贴片电阻
Change Component Description : Designator=R32 Old Description= New Description=贴片电阻
Change Component Description : Designator=R33 Old Description= New Description=贴片电阻
Change Component Description : Designator=R34 Old Description= New Description=贴片电阻
Change Component Description : Designator=R35 Old Description= New Description=贴片电阻
Change Component Description : Designator=R36 Old Description= New Description=贴片电阻
Change Component Description : Designator=R37 Old Description= New Description=贴片电阻
Change Component Description : Designator=R38 Old Description= New Description=贴片电阻
Change Component Description : Designator=R39 Old Description= New Description=贴片电阻
Change Component Description : Designator=R40 Old Description= New Description=贴片电阻
Change Component Description : Designator=R41 Old Description= New Description=贴片电阻
Change Component Description : Designator=R42 Old Description= New Description=贴片电阻
Change Component Description : Designator=R43 Old Description= New Description=贴片电阻
Change Component Description : Designator=R44 Old Description= New Description=贴片电阻
Change Component Description : Designator=R45 Old Description= New Description=贴片电阻
Change Component Description : Designator=R46 Old Description= New Description=贴片电阻
Change Component Description : Designator=R47 Old Description= New Description=贴片电阻
Change Component Description : Designator=R48 Old Description= New Description=贴片电阻
Change Component Description : Designator=R49 Old Description= New Description=贴片电阻
Change Component Description : Designator=R50 Old Description= New Description=贴片电阻
Change Component Description : Designator=R51 Old Description= New Description=贴片电阻
Change Component Description : Designator=R52 Old Description= New Description=贴片电阻
Change Component Description : Designator=R53 Old Description= New Description=贴片电阻
Change Component Description : Designator=R54 Old Description= New Description=贴片电阻
Change Component Description : Designator=C1 Old Description=? New Description=贴片电容
Change Component Description : Designator=C2 Old Description=? New Description=贴片电容
Change Component Description : Designator=C3 Old Description=? New Description=贴片电容
Change Component Description : Designator=C4 Old Description=? New Description=贴片电容
Change Component Description : Designator=C5 Old Description=? New Description=贴片电容
Change Component Description : Designator=C6 Old Description=? New Description=贴片电容
Change Component Description : Designator=C7 Old Description=? New Description=贴片电容
Change Component Description : Designator=C8 Old Description=? New Description=贴片电容
Change Component Description : Designator=C9 Old Description=? New Description=贴片电容
Change Component Description : Designator=C10 Old Description=? New Description=贴片电容
Change Component Description : Designator=C11 Old Description=? New Description=贴片电容
Change Component Description : Designator=C12 Old Description=? New Description=贴片电容
Change Component Description : Designator=C13 Old Description=? New Description=贴片电容
Change Component Description : Designator=C22 Old Description=? New Description=贴片电容
Change Component Description : Designator=C23 Old Description=? New Description=贴片电容
Change Component Description : Designator=C24 Old Description=? New Description=贴片电容
Change Component Description : Designator=C25 Old Description=? New Description=贴片电容
Change Component Description : Designator=C26 Old Description=? New Description=贴片电容
Change Component Description : Designator=C28 Old Description=? New Description=贴片电容
Change Component Description : Designator=L1 Old Description=? New Description=贴片电感
Change Component Description : Designator=U8 Old Description=brush mo New Description=brush motor drive
Change Component Description : Designator=U18 Old Description=https://item.szlcsc.com/40034.html New Description=https://item.szlcsc.com/40034.html LDO 3.3V
Change Component Description : Designator=Q9 Old Description=MOS( New Description=MOS(场效应管)
Change Component Description : Designator=Q10 Old Description=MOS( New Description=MOS(场效应管)
Change Component Description : Designator=Q11 Old Description=MOS( New Description=MOS(场效应管)
Change Component Description : Designator=Q12 Old Description=MOS( New Description=MOS(场效应管)
Change Component Description : Designator=Q13 Old Description=MOS( New Description=MOS(场效应管)
Change Component Description : Designator=Q18 Old Description=MOS( New Description=MOS(场效应管)
Change Component Description : Designator=U17 Old Description=MP2560D_SOIC-8_ New Description=MP2560D_SOIC-8_EP_150mil
Change Component Description : Designator=U14 Old Description=RS-485/RS-42 New Description=RS-485/RS-422
Change Component Description : Designator=D8 Old Description=二 New Description=二极管
Change Component Description : Designator=D9 Old Description=二 New Description=二极管
Change Component Description : Designator=D10 Old Description=二 New Description=二极管
Change Component Description : Designator=D11 Old Description=二 New Description=二极管
Change Component Description : Designator=D12 Old Description=二 New Description=二极管
Change Component Description : Designator=D15 Old Description=二 New Description=二极管
Change Component Description : Designator=D17 Old Description=二 New Description=二极管
Change Component Description : Designator=D18 Old Description=二 New Description=二极管
Change Component Description : Designator=D20 Old Description=二 New Description=二极管
Change Component Description : Designator=D22 Old Description=二 New Description=二极管
Change Component Description : Designator=Y1 Old Description=贴? New Description=贴片晶振
Added Component: Designator=C14(E_6.3*5.4)
Added Component: Designator=C15(0603_C)
Added Component: Designator=C16(0603_C)
Added Component: Designator=C17(0603_C)
Added Component: Designator=C18(0603_C)
Added Component: Designator=C19(0603_C)
Added Component: Designator=C20(0603_C)
Added Component: Designator=C21(0603_C)
Added Component: Designator=C27(0603_C)
Added Component: Designator=D23(SOD-123)
Added Component: Designator=J1(5557_a)
Added Component: Designator=J2(5557_a)
Added Pin To Net: NetName=VCC24V Pin=C14-1
Added Pin To Net: NetName=GND Pin=C14-2
Added Pin To Net: NetName=GND Pin=C15-1
Added Pin To Net: NetName=PAD1 Pin=C15-2
Added Pin To Net: NetName=GND Pin=C16-1
Added Pin To Net: NetName=OSC_OUT Pin=C16-2
Added Pin To Net: NetName=GND Pin=C17-1
Added Pin To Net: NetName=VCC3V3 Pin=C17-2
Added Pin To Net: NetName=GND Pin=C18-1
Added Pin To Net: NetName=OSC_IN Pin=C18-2
Added Pin To Net: NetName=GND Pin=C19-1
Added Pin To Net: NetName=VDDA Pin=C19-2
Added Pin To Net: NetName=GND Pin=C20-1
Added Pin To Net: NetName=VDDA Pin=C20-2
Added Pin To Net: NetName=GND Pin=C21-1
Added Pin To Net: NetName=NRST Pin=C21-2
Added Pin To Net: NetName=NetC27_1 Pin=C27-1
Added Pin To Net: NetName=NetC27_2 Pin=C27-2
Added Pin To Net: NetName=GND Pin=D23-1
Added Pin To Net: NetName=NetC23_2 Pin=D23-2
Added Class: Name=keycontrol1
Added Member To Class: ClassName=keycontrol_MCU Member=Component C14 100uf
Added Member To Class: ClassName=keycontrol_MCU Member=Component C15 100nF
Added Member To Class: ClassName=keycontrol_MCU Member=Component C16 22pF
Added Member To Class: ClassName=keycontrol_MCU Member=Component C17 100nF (104) 10% 50V
Added Member To Class: ClassName=keycontrol_MCU Member=Component C18 22pF
Added Member To Class: ClassName=keycontrol_MCU Member=Component C19 10uF
Added Member To Class: ClassName=keycontrol_MCU Member=Component C20 100nF
Added Member To Class: ClassName=keycontrol_MCU Member=Component C21 10nF
Added Member To Class: ClassName=keycontrol_MCU Member=Component C27 220pF
Added Member To Class: ClassName=keycontrol_MCU Member=Component D23 B5819W  SL
Added Member To Class: ClassName=keycontrol_MCU Member=Component J20 MOTOR
Added Member To Class: ClassName=keycontrol_MCU Member=Component J21 MOTOR
