Change Component DesignItemId : Designator=C14 Old DesignItemId= New DesignItemId=C
Change Component DesignItemId : Designator=J1 Old DesignItemId= New DesignItemId=header2
Change Component DesignItemId : Designator=J2 Old DesignItemId= New DesignItemId=header2
Change Component DesignItemId : Designator=J5 Old DesignItemId= New DesignItemId=header2
Change Component DesignItemId : Designator=J9 Old DesignItemId= New DesignItemId=header2
Change Component DesignItemId : Designator=J10 Old DesignItemId= New DesignItemId=header2
Change Component DesignItemId : Designator=J11 Old DesignItemId= New DesignItemId=header2
Change Component DesignItemId : Designator=J12 Old DesignItemId= New DesignItemId=header2
Change Component DesignItemId : Designator=J13 Old DesignItemId= New DesignItemId=header2
Change Component DesignItemId : Designator=J14 Old DesignItemId= New DesignItemId=header2
Change Component DesignItemId : Designator=J20 Old DesignItemId= New DesignItemId=header2
Change Component DesignItemId : Designator=J21 Old DesignItemId= New DesignItemId=header2
Change Component DesignItemId : Designator=J15 Old DesignItemId= New DesignItemId=header3p
Change Component DesignItemId : Designator=J16 Old DesignItemId= New DesignItemId=header3p
Change Component DesignItemId : Designator=J17 Old DesignItemId= New DesignItemId=header3p
Change Component DesignItemId : Designator=J18 Old DesignItemId= New DesignItemId=header3p
Change Component DesignItemId : Designator=J19 Old DesignItemId= New DesignItemId=header3p
Change Component DesignItemId : Designator=J3 Old DesignItemId= New DesignItemId=header4
Change Component DesignItemId : Designator=J4 Old DesignItemId= New DesignItemId=header4
Change Component DesignItemId : Designator=J6 Old DesignItemId= New DesignItemId=header4
Change Component DesignItemId : Designator=J22 Old DesignItemId= New DesignItemId=header4
Change Component DesignItemId : Designator=L2 Old DesignItemId= New DesignItemId=induct
Change Component DesignItemId : Designator=Q5 Old DesignItemId= New DesignItemId=MOSFET_N
Change Component DesignItemId : Designator=Q6 Old DesignItemId= New DesignItemId=MOSFET_N
Change Component DesignItemId : Designator=Q7 Old DesignItemId= New DesignItemId=MOSFET_N
Change Component DesignItemId : Designator=Q8 Old DesignItemId= New DesignItemId=MOSFET_N
Change Component DesignItemId : Designator=Q14 Old DesignItemId= New DesignItemId=MOSFET_N
Change Component DesignItemId : Designator=Q15 Old DesignItemId= New DesignItemId=MOSFET_N
Change Component DesignItemId : Designator=PTC1 Old DesignItemId= New DesignItemId=PTC
Change Component DesignItemId : Designator=PTC2 Old DesignItemId= New DesignItemId=PTC
Change Component DesignItemId : Designator=J23 Old DesignItemId= New DesignItemId=XH-3
Change Component DesignItemId : Designator=J24 Old DesignItemId= New DesignItemId=XH-3
Change Component DesignItemId : Designator=D25 Old DesignItemId=0603 New DesignItemId=0603 红灯
Change Component DesignItemId : Designator=D24 Old DesignItemId=0603 New DesignItemId=0603 绿灯
Change Component DesignItemId : Designator=R23 Old DesignItemId=0603 0Ω (0R0 New DesignItemId=0603 0Ω (0R0) 1%
Change Component DesignItemId : Designator=R48 Old DesignItemId=0603 1KΩ (1001 New DesignItemId=0603 1KΩ (1001) 1%
Change Component DesignItemId : Designator=R44 Old DesignItemId=0603 1MΩ (1004 New DesignItemId=0603 1MΩ (1004) 1%
Change Component DesignItemId : Designator=R2 Old DesignItemId=0603 4.7KΩ (4701 New DesignItemId=0603 4.7KΩ (4701) 1%
Change Component DesignItemId : Designator=R29 Old DesignItemId=0603 4.7KΩ (4701 New DesignItemId=0603 4.7KΩ (4701) 1%
Change Component DesignItemId : Designator=R30 Old DesignItemId=0603 4.7KΩ (4701 New DesignItemId=0603 4.7KΩ (4701) 1%
Change Component DesignItemId : Designator=R31 Old DesignItemId=0603 4.7KΩ (4701 New DesignItemId=0603 4.7KΩ (4701) 1%
Change Component DesignItemId : Designator=R32 Old DesignItemId=0603 4.7KΩ (4701 New DesignItemId=0603 4.7KΩ (4701) 1%
Change Component DesignItemId : Designator=R33 Old DesignItemId=0603 4.7KΩ (4701 New DesignItemId=0603 4.7KΩ (4701) 1%
Change Component DesignItemId : Designator=R45 Old DesignItemId=0603 4.7KΩ (4701 New DesignItemId=0603 4.7KΩ (4701) 1%
Change Component DesignItemId : Designator=R46 Old DesignItemId=0603 4.7KΩ (4701 New DesignItemId=0603 4.7KΩ (4701) 1%
Change Component DesignItemId : Designator=R4 Old DesignItemId=0603 10KΩ (1002 New DesignItemId=0603 10KΩ (1002) 1%
Change Component DesignItemId : Designator=R10 Old DesignItemId=0603 10KΩ (1002 New DesignItemId=0603 10KΩ (1002) 1%
Change Component DesignItemId : Designator=R35 Old DesignItemId=0603 10KΩ (1002 New DesignItemId=0603 10KΩ (1002) 1%
Change Component DesignItemId : Designator=R38 Old DesignItemId=0603 10KΩ (1002 New DesignItemId=0603 10KΩ (1002) 1%
Change Component DesignItemId : Designator=R39 Old DesignItemId=0603 10KΩ (1002 New DesignItemId=0603 10KΩ (1002) 1%
Change Component DesignItemId : Designator=R42 Old DesignItemId=0603 10KΩ (1002 New DesignItemId=0603 10KΩ (1002) 1%
Change Component DesignItemId : Designator=R43 Old DesignItemId=0603 10KΩ (1002 New DesignItemId=0603 10KΩ (1002) 1%
Change Component DesignItemId : Designator=R47 Old DesignItemId=0603 10KΩ (1002 New DesignItemId=0603 10KΩ (1002) 1%
Change Component DesignItemId : Designator=R50 Old DesignItemId=0603 10KΩ (1002 New DesignItemId=0603 10KΩ (1002) 1%
Change Component DesignItemId : Designator=R51 Old DesignItemId=0603 22KΩ (2202 New DesignItemId=0603 22KΩ (2202) 1%
Change Component DesignItemId : Designator=R6 Old DesignItemId=0603 27Ω (27R0 New DesignItemId=0603 27Ω (27R0) 1%
Change Component DesignItemId : Designator=R8 Old DesignItemId=0603 27Ω (27R0 New DesignItemId=0603 27Ω (27R0) 1%
Change Component DesignItemId : Designator=R1 Old DesignItemId=0603 33Ω (33R0 New DesignItemId=0603 33Ω (33R0) 1%
Change Component DesignItemId : Designator=R3 Old DesignItemId=0603 33Ω (33R0 New DesignItemId=0603 33Ω (33R0) 1%
Change Component DesignItemId : Designator=R9 Old DesignItemId=0603 33Ω (33R0 New DesignItemId=0603 33Ω (33R0) 1%
Change Component DesignItemId : Designator=R24 Old DesignItemId=0603 33Ω (33R0 New DesignItemId=0603 33Ω (33R0) 1%
Change Component DesignItemId : Designator=R25 Old DesignItemId=0603 33Ω (33R0 New DesignItemId=0603 33Ω (33R0) 1%
Change Component DesignItemId : Designator=R26 Old DesignItemId=0603 33Ω (33R0 New DesignItemId=0603 33Ω (33R0) 1%
Change Component DesignItemId : Designator=R27 Old DesignItemId=0603 33Ω (33R0 New DesignItemId=0603 33Ω (33R0) 1%
Change Component DesignItemId : Designator=R28 Old DesignItemId=0603 33Ω (33R0 New DesignItemId=0603 33Ω (33R0) 1%
Change Component DesignItemId : Designator=R34 Old DesignItemId=0603 33Ω (33R0 New DesignItemId=0603 33Ω (33R0) 1%
Change Component DesignItemId : Designator=R36 Old DesignItemId=0603 33Ω (33R0 New DesignItemId=0603 33Ω (33R0) 1%
Change Component DesignItemId : Designator=R37 Old DesignItemId=0603 33Ω (33R0 New DesignItemId=0603 33Ω (33R0) 1%
Change Component DesignItemId : Designator=R40 Old DesignItemId=0603 33Ω (33R0 New DesignItemId=0603 33Ω (33R0) 1%
Change Component DesignItemId : Designator=R41 Old DesignItemId=0603 33Ω (33R0 New DesignItemId=0603 33Ω (33R0) 1%
Change Component DesignItemId : Designator=R49 Old DesignItemId=0603 120KΩ (1203 New DesignItemId=0603 120KΩ (1203) 1%
Change Component DesignItemId : Designator=R52 Old DesignItemId=0603 120KΩ (1203 New DesignItemId=0603 120KΩ (1203) 1%
Change Component DesignItemId : Designator=R53 Old DesignItemId=0603 120KΩ (1203 New DesignItemId=0603 120KΩ (1203) 1%
Change Component DesignItemId : Designator=R5 Old DesignItemId=0603 470Ω (4700 New DesignItemId=0603 470Ω (4700) 1%
Change Component DesignItemId : Designator=R7 Old DesignItemId=0603 470Ω (4700 New DesignItemId=0603 470Ω (4700) 1%
Change Component DesignItemId : Designator=R54 Old DesignItemId=0603 470Ω (4700 New DesignItemId=0603 470Ω (4700) 1%
Change Component DesignItemId : Designator=U1 Old DesignItemId=HF3 New DesignItemId=HF32F/005-HS
Change Component DesignItemId : Designator=U15 Old DesignItemId=PSM712-LF-T7_[C326 New DesignItemId=PSM712-LF-T7_[C32677]
Change Component DesignItemId : Designator=D1 Old DesignItemId=SMA(DO-214AC) S New DesignItemId=SMA(DO-214AC) SS54
Change Component DesignItemId : Designator=D2 Old DesignItemId=SMA(DO-214AC) S New DesignItemId=SMA(DO-214AC) SS54
Change Component DesignItemId : Designator=D3 Old DesignItemId=SMA(DO-214AC) S New DesignItemId=SMA(DO-214AC) SS54
Change Component DesignItemId : Designator=D4 Old DesignItemId=SMA(DO-214AC) S New DesignItemId=SMA(DO-214AC) SS54
Change Component DesignItemId : Designator=U16 Old DesignItemId=STM3 New DesignItemId=STM32G030K8T6
Change Component Footprint: Designator=L2 Old Footprint=L_SMD,3.0x3.0x1.2mm New Footprint=L-SMD-7.8*7*5
Change Component Comment : Designator=L2 Old Comment=15uH New Comment=induct
Change Component Description : Designator=U8 Old Description= New Description=brush motor drive
Change Component Description : Designator=U16 Old Description= New Description=MCU
Change Component Description : Designator=Q9 Old Description= New Description=MOS(场效应管)
Change Component Description : Designator=Q10 Old Description= New Description=MOS(场效应管)
Change Component Description : Designator=Q11 Old Description= New Description=MOS(场效应管)
Change Component Description : Designator=Q12 Old Description= New Description=MOS(场效应管)
Change Component Description : Designator=Q13 Old Description= New Description=MOS(场效应管)
Change Component Description : Designator=U15 Old Description= New Description=TVS
Change Component Description : Designator=D1 Old Description= New Description=二极管
Change Component Description : Designator=D2 Old Description= New Description=二极管
Change Component Description : Designator=D3 Old Description= New Description=二极管
Change Component Description : Designator=D4 Old Description= New Description=二极管
Change Component Description : Designator=D8 Old Description= New Description=二极管
Change Component Description : Designator=D9 Old Description= New Description=二极管
Change Component Description : Designator=D10 Old Description= New Description=二极管
Change Component Description : Designator=D11 Old Description= New Description=二极管
Change Component Description : Designator=D12 Old Description= New Description=二极管
Change Component Description : Designator=D15 Old Description= New Description=二极管
Change Component Description : Designator=D17 Old Description= New Description=二极管
Change Component Description : Designator=D18 Old Description= New Description=二极管
Change Component Description : Designator=D20 Old Description= New Description=二极管
Change Component Description : Designator=D22 Old Description= New Description=二极管
Change Component Description : Designator=D24 Old Description= New Description=发光二极管
Change Component Description : Designator=D25 Old Description= New Description=发光二极管
Change Component Description : Designator=U1 Old Description= New Description=继电器
Change Component Description : Designator=C1 Old Description= New Description=贴片电容
Change Component Description : Designator=C2 Old Description= New Description=贴片电容
Change Component Description : Designator=C3 Old Description= New Description=贴片电容
Change Component Description : Designator=C4 Old Description= New Description=贴片电容
Change Component Description : Designator=C5 Old Description= New Description=贴片电容
Change Component Description : Designator=C6 Old Description= New Description=贴片电容
Change Component Description : Designator=C7 Old Description= New Description=贴片电容
Change Component Description : Designator=C8 Old Description= New Description=贴片电容
Change Component Description : Designator=C9 Old Description= New Description=贴片电容
Change Component Description : Designator=C10 Old Description= New Description=贴片电容
Change Component Description : Designator=C11 Old Description= New Description=贴片电容
Change Component Description : Designator=C12 Old Description= New Description=贴片电容
Change Component Description : Designator=C13 Old Description= New Description=贴片电容
Change Component Description : Designator=C15 Old Description= New Description=贴片电容
Change Component Description : Designator=C17 Old Description= New Description=贴片电容
Change Component Description : Designator=C19 Old Description= New Description=贴片电容
Change Component Description : Designator=C20 Old Description= New Description=贴片电容
Change Component Description : Designator=C21 Old Description= New Description=贴片电容
Change Component Description : Designator=C23 Old Description= New Description=贴片电容
Change Component Description : Designator=C24 Old Description= New Description=贴片电容
Change Component Description : Designator=C25 Old Description= New Description=贴片电容
Change Component Description : Designator=C26 Old Description= New Description=贴片电容
Change Component Description : Designator=C27 Old Description= New Description=贴片电容
Change Component Description : Designator=C28 Old Description= New Description=贴片电容
Change Component Description : Designator=C29 Old Description= New Description=贴片电容
Change Component Description : Designator=C30 Old Description= New Description=贴片电容
Change Component Description : Designator=L1 Old Description= New Description=贴片电感
Change Component Description : Designator=R1 Old Description= New Description=贴片电阻
Change Component Description : Designator=R2 Old Description= New Description=贴片电阻
Change Component Description : Designator=R3 Old Description= New Description=贴片电阻
Change Component Description : Designator=R4 Old Description= New Description=贴片电阻
Change Component Description : Designator=R5 Old Description= New Description=贴片电阻
Change Component Description : Designator=R6 Old Description= New Description=贴片电阻
Change Component Description : Designator=R7 Old Description= New Description=贴片电阻
Change Component Description : Designator=R8 Old Description= New Description=贴片电阻
Change Component Description : Designator=R9 Old Description= New Description=贴片电阻
Change Component Description : Designator=R10 Old Description= New Description=贴片电阻
Change Component Description : Designator=R23 Old Description= New Description=贴片电阻
Change Component Description : Designator=R24 Old Description= New Description=贴片电阻
Change Component Description : Designator=R25 Old Description= New Description=贴片电阻
Change Component Description : Designator=R26 Old Description= New Description=贴片电阻
Change Component Description : Designator=R27 Old Description= New Description=贴片电阻
Change Component Description : Designator=R28 Old Description= New Description=贴片电阻
Change Component Description : Designator=R29 Old Description= New Description=贴片电阻
Change Component Description : Designator=R30 Old Description= New Description=贴片电阻
Change Component Description : Designator=R31 Old Description= New Description=贴片电阻
Change Component Description : Designator=R32 Old Description= New Description=贴片电阻
Change Component Description : Designator=R33 Old Description= New Description=贴片电阻
Change Component Description : Designator=R34 Old Description= New Description=贴片电阻
Change Component Description : Designator=R35 Old Description= New Description=贴片电阻
Change Component Description : Designator=R36 Old Description= New Description=贴片电阻
Change Component Description : Designator=R37 Old Description= New Description=贴片电阻
Change Component Description : Designator=R38 Old Description= New Description=贴片电阻
Change Component Description : Designator=R39 Old Description= New Description=贴片电阻
Change Component Description : Designator=R40 Old Description= New Description=贴片电阻
Change Component Description : Designator=R41 Old Description= New Description=贴片电阻
Change Component Description : Designator=R42 Old Description= New Description=贴片电阻
Change Component Description : Designator=R43 Old Description= New Description=贴片电阻
Change Component Description : Designator=R44 Old Description= New Description=贴片电阻
Change Component Description : Designator=R45 Old Description= New Description=贴片电阻
Change Component Description : Designator=R46 Old Description= New Description=贴片电阻
Change Component Description : Designator=R47 Old Description= New Description=贴片电阻
Change Component Description : Designator=R48 Old Description= New Description=贴片电阻
Change Component Description : Designator=R49 Old Description= New Description=贴片电阻
Change Component Description : Designator=R50 Old Description= New Description=贴片电阻
Change Component Description : Designator=R51 Old Description= New Description=贴片电阻
Change Component Description : Designator=R52 Old Description= New Description=贴片电阻
Change Component Description : Designator=R53 Old Description= New Description=贴片电阻
Change Component Description : Designator=R54 Old Description= New Description=贴片电阻
Change Component Description : Designator=Y1 Old Description=? New Description=贴片晶振
Change Component Description : Designator=C16 Old Description=? New Description=贴片电容
Change Component Description : Designator=C18 Old Description=? New Description=贴片电容
Change Component Description : Designator=U18 Old Description=https://item.szlcsc.com/4 New Description=https://item.szlcsc.com/40034.html LDO 3.3V
Change Component Description : Designator=U17 Old Description=MP2560 New Description=MP2560D_SOIC-8_EP_150mil
Change Component Description : Designator=U14 Old Description=RS-485/RS-4 New Description=RS-485/RS-422
Change Component Library : Designator=C14 Old Library=我的集成 New Library=我的集成库.IntLib
Change Component Library : Designator=J1 Old Library=我的集成 New Library=我的集成库.IntLib
Change Component Library : Designator=J2 Old Library=我的集成 New Library=我的集成库.IntLib
Change Component Library : Designator=J3 Old Library=我的集成 New Library=我的集成库.IntLib
Change Component Library : Designator=J4 Old Library=我的集成 New Library=我的集成库.IntLib
Change Component Library : Designator=J5 Old Library=我的集成 New Library=我的集成库.IntLib
Change Component Library : Designator=J6 Old Library=我的集成 New Library=我的集成库.IntLib
Change Component Library : Designator=J9 Old Library=我的集成 New Library=我的集成库.IntLib
Change Component Library : Designator=J10 Old Library=我的集成 New Library=我的集成库.IntLib
Change Component Library : Designator=J11 Old Library=我的集成 New Library=我的集成库.IntLib
Change Component Library : Designator=J12 Old Library=我的集成 New Library=我的集成库.IntLib
Change Component Library : Designator=J13 Old Library=我的集成 New Library=我的集成库.IntLib
Change Component Library : Designator=J14 Old Library=我的集成 New Library=我的集成库.IntLib
Change Component Library : Designator=J15 Old Library=我的集成 New Library=我的集成库.IntLib
Change Component Library : Designator=J16 Old Library=我的集成 New Library=我的集成库.IntLib
Change Component Library : Designator=J17 Old Library=我的集成 New Library=我的集成库.IntLib
Change Component Library : Designator=J18 Old Library=我的集成 New Library=我的集成库.IntLib
Change Component Library : Designator=J19 Old Library=我的集成 New Library=我的集成库.IntLib
Change Component Library : Designator=J20 Old Library=我的集成 New Library=我的集成库.IntLib
Change Component Library : Designator=J21 Old Library=我的集成 New Library=我的集成库.IntLib
Change Component Library : Designator=J22 Old Library=我的集成 New Library=我的集成库.IntLib
Change Component Library : Designator=J23 Old Library=我的集成 New Library=我的集成库.IntLib
Change Component Library : Designator=J24 Old Library=我的集成 New Library=我的集成库.IntLib
Change Component Library : Designator=PTC1 Old Library=我的集成 New Library=我的集成库.IntLib
Change Component Library : Designator=PTC2 Old Library=我的集成 New Library=我的集成库.IntLib
Change Component Library : Designator=Q5 Old Library=我的集成 New Library=我的集成库.IntLib
Change Component Library : Designator=Q6 Old Library=我的集成 New Library=我的集成库.IntLib
Change Component Library : Designator=Q7 Old Library=我的集成 New Library=我的集成库.IntLib
Change Component Library : Designator=Q8 Old Library=我的集成 New Library=我的集成库.IntLib
Change Component Library : Designator=Q14 Old Library=我的集成 New Library=我的集成库.IntLib
Change Component Library : Designator=Q15 Old Library=我的集成 New Library=我的集成库.IntLib
Added Component: Designator=C22(0603_C)
Added Component: Designator=R11(0603_R)
Added Component: Designator=R12(2512)
Added Component: Designator=U2(SOT-23-5)
Added Pin To Net: NetName=GND Pin=C22-1
Added Pin To Net: NetName=VCC3V3 Pin=C22-2
Added Pin To Net: NetName=GND Pin=R11-2
Added Pin To Net: NetName=GND Pin=U2-2
Added Pin To Net: NetName=VCC3V3 Pin=U2-5
Added Pin To Net: NetName=BAT_CURR Pin=R11-1
Added Pin To Net: NetName=BAT_CURR Pin=U2-1
Added Net: Name=BAT_CURR
Added Pin To Net: NetName=VBAT Pin=R12-1
Added Pin To Net: NetName=VBAT Pin=U2-3
Added Net: Name=VBAT
Added Pin To Net: NetName=VIN Pin=R12-2
Added Pin To Net: NetName=VIN Pin=U2-4
Added Net: Name=VIN
Added Member To Class: ClassName=keycontrol_MCU Member=Component C22 100nF (104) 10% 50V
Added Member To Class: ClassName=keycontrol_MCU Member=Component R11 68KΩ (6802) ±1%
Added Member To Class: ClassName=keycontrol_MCU Member=Component R12 R005/2W
Added Member To Class: ClassName=keycontrol_MCU Member=Component U2 INA138
