Change Component Designator: Old Designator=C5 New Designator=C14
Change Component Designator: Old Designator=C6 New Designator=C15
Change Component Designator: Old Designator=C7 New Designator=C16
Change Component Designator: Old Designator=C8 New Designator=C17
Change Component Designator: Old Designator=C9 New Designator=C18
Change Component Designator: Old Designator=C10 New Designator=C19
Change Component Designator: Old Designator=C11 New Designator=C20
Change Component Designator: Old Designator=C12 New Designator=C21
Change Component Designator: Old Designator=C18 New Designator=C23
Change Component Designator: Old Designator=C19 New Designator=C24
Change Component Designator: Old Designator=C20 New Designator=C25
Change Component Designator: Old Designator=C21 New Designator=C26
Change Component Designator: Old Designator=C22 New Designator=C27
Change Component Designator: Old Designator=C23 New Designator=C28
Change Component Designator: Old Designator=C28 New Designator=C22
Change Component Designator: Old Designator=D1 New Designator=D23
Change Component Designator: Old Designator=D2 New Designator=D25
Change Component Designator: Old Designator=D3 New Designator=D24
Change Component Designator: Old Designator=J1 New Designator=J20
Change Component Designator: Old Designator=J2 New Designator=J21
Change Component Designator: Old Designator=J3 New Designator=J22
Change Component Designator: Old Designator=J4 New Designator=J23
Change Component Designator: Old Designator=J5 New Designator=J24
Change Component Designator: Old Designator=R6 New Designator=R49
Change Component Designator: Old Designator=R7 New Designator=R50
Change Component Designator: Old Designator=R8 New Designator=R51
Change Component Designator: Old Designator=R9 New Designator=R52
Change Component Designator: Old Designator=R10 New Designator=R53
Change Component Designator: Old Designator=R11 New Designator=R54
Change Component Designator: Old Designator=R12 New Designator=R48
Change Component Designator: Old Designator=R74 New Designator=R44
Change Component Designator: Old Designator=R75 New Designator=R45
Change Component Designator: Old Designator=R76 New Designator=R46
Change Component Designator: Old Designator=R77 New Designator=R47
Change Component Designator: Old Designator=U2 New Designator=U16
Change Component Designator: Old Designator=U6 New Designator=U17
Change Component Designator: Old Designator=U7 New Designator=U18
Change Component Designator: Old Designator=U22 New Designator=U14
Change Component Designator: Old Designator=U23 New Designator=U15
